This file contains any messages produced by compilers while
running configure, to aid debugging if configure makes a mistake.

It was created by Valgrind configure 3.8.0.SVN, which was
generated by GNU Autoconf 2.65.  Invocation command line was

  $ ./configure --prefix=/home/asankhaya/pathgrind/valgrind-r12356/build/ --enable-only32bit

## --------- ##
## Platform. ##
## --------- ##

hostname = asankhaya-desktop
uname -m = i686
uname -r = 2.6.32-33-generic-pae
uname -s = Linux
uname -v = #72-Ubuntu SMP Fri Jul 29 22:06:29 UTC 2011

/usr/bin/uname -p = unknown
/bin/uname -X     = unknown

/bin/arch              = unknown
/usr/bin/arch -k       = unknown
/usr/convex/getsysinfo = unknown
/usr/bin/hostinfo      = unknown
/bin/machine           = unknown
/usr/bin/oslevel       = unknown
/bin/universe          = unknown

PATH: /usr/local/sbin
PATH: /usr/local/bin
PATH: /usr/sbin
PATH: /usr/bin
PATH: /sbin
PATH: /bin
PATH: /usr/games
PATH: /home/asankhaya/jdk1.7.0/bin


## ----------- ##
## Core tests. ##
## ----------- ##

configure:2520: checking for a BSD-compatible install
configure:2588: result: /usr/bin/install -c
configure:2599: checking whether build environment is sane
configure:2649: result: yes
configure:2790: checking for a thread-safe mkdir -p
configure:2829: result: /bin/mkdir -p
configure:2842: checking for gawk
configure:2858: found /usr/bin/gawk
configure:2869: result: gawk
configure:2880: checking whether make sets $(MAKE)
configure:2902: result: yes
configure:2984: checking whether to enable maintainer-specific portions of Makefiles
configure:2993: result: no
configure:3012: checking whether ln -s works
configure:3016: result: yes
configure:3071: checking for gcc
configure:3087: found /usr/local/bin/gcc
configure:3098: result: gcc
configure:3327: checking for C compiler version
configure:3336: gcc --version >&5
gcc (GCC) 3.4.6
Copyright (C) 2006 Free Software Foundation, Inc.
This is free software; see the source for copying conditions.  There is NO
warranty; not even for MERCHANTABILITY or FITNESS FOR A PARTICULAR PURPOSE.

configure:3347: $? = 0
configure:3336: gcc -v >&5
Reading specs from /usr/local/lib/gcc/i686-pc-linux-gnu/3.4.6/specs
Configured with: ./configure 
Thread model: posix
gcc version 3.4.6
configure:3347: $? = 0
configure:3336: gcc -V >&5
gcc: `-V' option must have argument
configure:3347: $? = 1
configure:3336: gcc -qversion >&5
gcc: unrecognized option `-qversion'
gcc: no input files
configure:3347: $? = 1
configure:3367: checking whether the C compiler works
configure:3389: gcc -Wno-long-long    conftest.c  >&5
configure:3393: $? = 0
configure:3442: result: yes
configure:3445: checking for C compiler default output file name
configure:3447: result: a.out
configure:3453: checking for suffix of executables
configure:3460: gcc -o conftest -Wno-long-long    conftest.c  >&5
configure:3464: $? = 0
configure:3486: result: 
configure:3508: checking whether we are cross compiling
configure:3516: gcc -o conftest -Wno-long-long    conftest.c  >&5
configure:3520: $? = 0
configure:3527: ./conftest
configure:3531: $? = 0
configure:3546: result: no
configure:3551: checking for suffix of object files
configure:3573: gcc -c -Wno-long-long   conftest.c >&5
configure:3577: $? = 0
configure:3598: result: o
configure:3602: checking whether we are using the GNU C compiler
configure:3621: gcc -c -Wno-long-long   conftest.c >&5
configure:3621: $? = 0
configure:3630: result: yes
configure:3639: checking whether gcc accepts -g
configure:3659: gcc -c -g  conftest.c >&5
configure:3659: $? = 0
configure:3700: result: yes
configure:3717: checking for gcc option to accept ISO C89
configure:3781: gcc  -c -Wno-long-long   conftest.c >&5
configure:3781: $? = 0
configure:3794: result: none needed
configure:3825: checking for style of include used by make
configure:3853: result: GNU
configure:3878: checking dependency style of gcc
configure:3988: result: gcc3
configure:4004: checking whether gcc and cc understand -c and -o together
configure:4035: gcc -c conftest.c -o conftest2.o >&5
configure:4039: $? = 0
configure:4045: gcc -c conftest.c -o conftest2.o >&5
configure:4049: $? = 0
configure:4060: cc -c conftest.c >&5
configure:4064: $? = 0
configure:4072: cc -c conftest.c -o conftest2.o >&5
configure:4076: $? = 0
configure:4082: cc -c conftest.c -o conftest2.o >&5
configure:4086: $? = 0
configure:4104: result: yes
configure:4134: checking how to run the C preprocessor
configure:4165: gcc -E  conftest.c
configure:4165: $? = 0
configure:4179: gcc -E  conftest.c
conftest.c:11:28: ac_nonexistent.h: No such file or directory
configure:4179: $? = 1
configure: failed program was:
| /* confdefs.h */
| #define PACKAGE_NAME "Valgrind"
| #define PACKAGE_TARNAME "valgrind"
| #define PACKAGE_VERSION "3.8.0.SVN"
| #define PACKAGE_STRING "Valgrind 3.8.0.SVN"
| #define PACKAGE_BUGREPORT "valgrind-users@lists.sourceforge.net"
| #define PACKAGE_URL ""
| #define PACKAGE "valgrind"
| #define VERSION "3.8.0.SVN"
| /* end confdefs.h.  */
| #include <ac_nonexistent.h>
configure:4204: result: gcc -E
configure:4224: gcc -E  conftest.c
configure:4224: $? = 0
configure:4238: gcc -E  conftest.c
conftest.c:11:28: ac_nonexistent.h: No such file or directory
configure:4238: $? = 1
configure: failed program was:
| /* confdefs.h */
| #define PACKAGE_NAME "Valgrind"
| #define PACKAGE_TARNAME "valgrind"
| #define PACKAGE_VERSION "3.8.0.SVN"
| #define PACKAGE_STRING "Valgrind 3.8.0.SVN"
| #define PACKAGE_BUGREPORT "valgrind-users@lists.sourceforge.net"
| #define PACKAGE_URL ""
| #define PACKAGE "valgrind"
| #define VERSION "3.8.0.SVN"
| /* end confdefs.h.  */
| #include <ac_nonexistent.h>
configure:4324: checking for g++
configure:4340: found /usr/bin/g++
configure:4351: result: g++
configure:4378: checking for C++ compiler version
configure:4387: g++ --version >&5
g++ (Ubuntu 4.4.3-4ubuntu5) 4.4.3
Copyright (C) 2009 Free Software Foundation, Inc.
This is free software; see the source for copying conditions.  There is NO
warranty; not even for MERCHANTABILITY or FITNESS FOR A PARTICULAR PURPOSE.

configure:4398: $? = 0
configure:4387: g++ -v >&5
Using built-in specs.
Target: i486-linux-gnu
Configured with: ../src/configure -v --with-pkgversion='Ubuntu 4.4.3-4ubuntu5' --with-bugurl=file:///usr/share/doc/gcc-4.4/README.Bugs --enable-languages=c,c++,fortran,objc,obj-c++ --prefix=/usr --enable-shared --enable-multiarch --enable-linker-build-id --with-system-zlib --libexecdir=/usr/lib --without-included-gettext --enable-threads=posix --with-gxx-include-dir=/usr/include/c++/4.4 --program-suffix=-4.4 --enable-nls --enable-clocale=gnu --enable-libstdcxx-debug --enable-plugin --enable-objc-gc --enable-targets=all --disable-werror --with-arch-32=i486 --with-tune=generic --enable-checking=release --build=i486-linux-gnu --host=i486-linux-gnu --target=i486-linux-gnu
Thread model: posix
gcc version 4.4.3 (Ubuntu 4.4.3-4ubuntu5) 
configure:4398: $? = 0
configure:4387: g++ -V >&5
g++: '-V' option must have argument
configure:4398: $? = 1
configure:4387: g++ -qversion >&5
g++: unrecognized option '-qversion'
g++: no input files
configure:4398: $? = 1
configure:4402: checking whether we are using the GNU C++ compiler
configure:4421: g++ -c   conftest.cpp >&5
configure:4421: $? = 0
configure:4430: result: yes
configure:4439: checking whether g++ accepts -g
configure:4459: g++ -c -g  conftest.cpp >&5
configure:4459: $? = 0
configure:4500: result: yes
configure:4525: checking dependency style of g++
configure:4635: result: gcc3
configure:4706: checking for ranlib
configure:4722: found /usr/bin/ranlib
configure:4733: result: ranlib
configure:4758: checking for a sed that does not truncate output
configure:4822: result: /bin/sed
configure:4835: checking for ar
configure:4853: found /usr/bin/ar
configure:4865: result: /usr/bin/ar
configure:4888: checking for perl
configure:4906: found /usr/bin/perl
configure:4918: result: /usr/bin/perl
configure:4930: checking for gdb
configure:4948: found /usr/bin/gdb
configure:4961: result: /usr/bin/gdb
configure:4985: checking dependency style of gcc
configure:5093: result: gcc3
configure:5112: checking for diff -u
configure:5120: result: yes
configure:5132: checking for a supported version of gcc
configure:5164: result: ok (3.4.6)
configure:5194: checking build system type
configure:5208: result: i686-pc-linux-gnu
configure:5228: checking host system type
configure:5241: result: i686-pc-linux-gnu
configure:5262: checking for a supported CPU
configure:5271: result: ok (i686)
configure:5325: checking for a 64-bit only build
configure:5338: result: no
configure:5342: checking for a 32-bit only build
configure:5355: result: yes
configure:5368: checking for a supported OS
configure:5376: result: ok (linux-gnu)
configure:5381: checking for the kernel version
configure:5388: result: 2.6.x/3.x family (2.6.32-33-generic-pae)
configure:5574: checking for a supported CPU/OS combination
configure:5594: result: ok (x86-linux)
configure:5923: checking for use as an inner Valgrind
configure:5936: result: no
configure:5975: checking for grep that handles long lines and -e
configure:6033: result: /bin/grep
configure:6038: checking for egrep
configure:6100: result: /bin/grep -E
configure:6105: checking for ANSI C header files
configure:6125: gcc -c -Wno-long-long   conftest.c >&5
configure:6125: $? = 0
configure:6198: gcc -o conftest -Wno-long-long    conftest.c  >&5
configure:6198: $? = 0
configure:6198: ./conftest
configure:6198: $? = 0
configure:6209: result: yes
configure:6222: checking for sys/types.h
configure:6222: gcc -c -Wno-long-long   conftest.c >&5
configure:6222: $? = 0
configure:6222: result: yes
configure:6222: checking for sys/stat.h
configure:6222: gcc -c -Wno-long-long   conftest.c >&5
configure:6222: $? = 0
configure:6222: result: yes
configure:6222: checking for stdlib.h
configure:6222: gcc -c -Wno-long-long   conftest.c >&5
configure:6222: $? = 0
configure:6222: result: yes
configure:6222: checking for string.h
configure:6222: gcc -c -Wno-long-long   conftest.c >&5
configure:6222: $? = 0
configure:6222: result: yes
configure:6222: checking for memory.h
configure:6222: gcc -c -Wno-long-long   conftest.c >&5
configure:6222: $? = 0
configure:6222: result: yes
configure:6222: checking for strings.h
configure:6222: gcc -c -Wno-long-long   conftest.c >&5
configure:6222: $? = 0
configure:6222: result: yes
configure:6222: checking for inttypes.h
configure:6222: gcc -c -Wno-long-long   conftest.c >&5
configure:6222: $? = 0
configure:6222: result: yes
configure:6222: checking for stdint.h
configure:6222: gcc -c -Wno-long-long   conftest.c >&5
configure:6222: $? = 0
configure:6222: result: yes
configure:6222: checking for unistd.h
configure:6222: gcc -c -Wno-long-long   conftest.c >&5
configure:6222: $? = 0
configure:6222: result: yes
configure:6235: checking features.h usability
configure:6235: gcc -c -Wno-long-long   conftest.c >&5
configure:6235: $? = 0
configure:6235: result: yes
configure:6235: checking features.h presence
configure:6235: gcc -E  conftest.c
configure:6235: $? = 0
configure:6235: result: yes
configure:6235: checking for features.h
configure:6235: result: yes
configure:6287: checking the GLIBC_VERSION version
configure:6385: result: 2.11 family
configure:6547: checking for CLOCK_MONOTONIC
configure:6567: gcc -c -Wno-long-long   conftest.c >&5
configure:6567: $? = 0
configure:6569: result: yes
configure:6586: checking for pthread_rwlock_t
configure:6605: gcc -c -Wno-long-long   conftest.c >&5
configure:6605: $? = 0
configure:6607: result: yes
configure:6624: checking for PTHREAD_MUTEX_ADAPTIVE_NP
configure:6643: gcc -c -Wno-long-long   conftest.c >&5
configure:6643: $? = 0
configure:6645: result: yes
configure:6662: checking for PTHREAD_MUTEX_ERRORCHECK_NP
configure:6681: gcc -c -Wno-long-long   conftest.c >&5
configure:6681: $? = 0
configure:6683: result: yes
configure:6700: checking for PTHREAD_MUTEX_RECURSIVE_NP
configure:6719: gcc -c -Wno-long-long   conftest.c >&5
configure:6719: $? = 0
configure:6721: result: yes
configure:6738: checking for PTHREAD_RECURSIVE_MUTEX_INITIALIZER_NP
configure:6758: gcc -c -Wno-long-long   conftest.c >&5
configure:6758: $? = 0
configure:6760: result: yes
configure:6777: checking for pthread_mutex_t.__m_kind
configure:6777: gcc -c -Wno-long-long   conftest.c >&5
conftest.c: In function `main':
conftest.c:37: error: union has no member named `__m_kind'
configure:6777: $? = 1
configure: failed program was:
| /* confdefs.h */
| #define PACKAGE_NAME "Valgrind"
| #define PACKAGE_TARNAME "valgrind"
| #define PACKAGE_VERSION "3.8.0.SVN"
| #define PACKAGE_STRING "Valgrind 3.8.0.SVN"
| #define PACKAGE_BUGREPORT "valgrind-users@lists.sourceforge.net"
| #define PACKAGE_URL ""
| #define PACKAGE "valgrind"
| #define VERSION "3.8.0.SVN"
| #define GDB_PATH "/usr/bin/gdb"
| #define KERNEL_2_6 1
| #define VG_TMPDIR "/tmp"
| #define STDC_HEADERS 1
| #define HAVE_SYS_TYPES_H 1
| #define HAVE_SYS_STAT_H 1
| #define HAVE_STDLIB_H 1
| #define HAVE_STRING_H 1
| #define HAVE_MEMORY_H 1
| #define HAVE_STRINGS_H 1
| #define HAVE_INTTYPES_H 1
| #define HAVE_STDINT_H 1
| #define HAVE_UNISTD_H 1
| #define GLIBC_2_11 1
| #define HAVE_CLOCK_MONOTONIC 1
| #define HAVE_PTHREAD_RWLOCK_T 1
| #define HAVE_PTHREAD_MUTEX_ADAPTIVE_NP 1
| #define HAVE_PTHREAD_MUTEX_ERRORCHECK_NP 1
| #define HAVE_PTHREAD_MUTEX_RECURSIVE_NP 1
| #define HAVE_PTHREAD_RECURSIVE_MUTEX_INITIALIZER_NP 1
| /* end confdefs.h.  */
| #include <pthread.h>
| 
| int
| main ()
| {
| static pthread_mutex_t ac_aggr;
| if (ac_aggr.__m_kind)
| return 0;
|   ;
|   return 0;
| }
configure:6777: gcc -c -Wno-long-long   conftest.c >&5
conftest.c: In function `main':
conftest.c:37: error: union has no member named `__m_kind'
configure:6777: $? = 1
configure: failed program was:
| /* confdefs.h */
| #define PACKAGE_NAME "Valgrind"
| #define PACKAGE_TARNAME "valgrind"
| #define PACKAGE_VERSION "3.8.0.SVN"
| #define PACKAGE_STRING "Valgrind 3.8.0.SVN"
| #define PACKAGE_BUGREPORT "valgrind-users@lists.sourceforge.net"
| #define PACKAGE_URL ""
| #define PACKAGE "valgrind"
| #define VERSION "3.8.0.SVN"
| #define GDB_PATH "/usr/bin/gdb"
| #define KERNEL_2_6 1
| #define VG_TMPDIR "/tmp"
| #define STDC_HEADERS 1
| #define HAVE_SYS_TYPES_H 1
| #define HAVE_SYS_STAT_H 1
| #define HAVE_STDLIB_H 1
| #define HAVE_STRING_H 1
| #define HAVE_MEMORY_H 1
| #define HAVE_STRINGS_H 1
| #define HAVE_INTTYPES_H 1
| #define HAVE_STDINT_H 1
| #define HAVE_UNISTD_H 1
| #define GLIBC_2_11 1
| #define HAVE_CLOCK_MONOTONIC 1
| #define HAVE_PTHREAD_RWLOCK_T 1
| #define HAVE_PTHREAD_MUTEX_ADAPTIVE_NP 1
| #define HAVE_PTHREAD_MUTEX_ERRORCHECK_NP 1
| #define HAVE_PTHREAD_MUTEX_RECURSIVE_NP 1
| #define HAVE_PTHREAD_RECURSIVE_MUTEX_INITIALIZER_NP 1
| /* end confdefs.h.  */
| #include <pthread.h>
| 
| int
| main ()
| {
| static pthread_mutex_t ac_aggr;
| if (sizeof ac_aggr.__m_kind)
| return 0;
|   ;
|   return 0;
| }
configure:6777: result: no
configure:6790: checking for pthread_mutex_t.__data.__kind
configure:6790: gcc -c -Wno-long-long   conftest.c >&5
configure:6790: $? = 0
configure:6790: result: yes
configure:6804: checking for Altivec
configure:6825: gcc -c -maltivec  conftest.c >&5
cc1: error: invalid option `altivec'
configure:6825: $? = 1
configure: failed program was:
| /* confdefs.h */
| #define PACKAGE_NAME "Valgrind"
| #define PACKAGE_TARNAME "valgrind"
| #define PACKAGE_VERSION "3.8.0.SVN"
| #define PACKAGE_STRING "Valgrind 3.8.0.SVN"
| #define PACKAGE_BUGREPORT "valgrind-users@lists.sourceforge.net"
| #define PACKAGE_URL ""
| #define PACKAGE "valgrind"
| #define VERSION "3.8.0.SVN"
| #define GDB_PATH "/usr/bin/gdb"
| #define KERNEL_2_6 1
| #define VG_TMPDIR "/tmp"
| #define STDC_HEADERS 1
| #define HAVE_SYS_TYPES_H 1
| #define HAVE_SYS_STAT_H 1
| #define HAVE_STDLIB_H 1
| #define HAVE_STRING_H 1
| #define HAVE_MEMORY_H 1
| #define HAVE_STRINGS_H 1
| #define HAVE_INTTYPES_H 1
| #define HAVE_STDINT_H 1
| #define HAVE_UNISTD_H 1
| #define GLIBC_2_11 1
| #define HAVE_CLOCK_MONOTONIC 1
| #define HAVE_PTHREAD_RWLOCK_T 1
| #define HAVE_PTHREAD_MUTEX_ADAPTIVE_NP 1
| #define HAVE_PTHREAD_MUTEX_ERRORCHECK_NP 1
| #define HAVE_PTHREAD_MUTEX_RECURSIVE_NP 1
| #define HAVE_PTHREAD_RECURSIVE_MUTEX_INITIALIZER_NP 1
| #define HAVE_PTHREAD_MUTEX_T__DATA__KIND 1
| /* end confdefs.h.  */
| 
| #include <altivec.h>
| 
| int
| main ()
| {
| 
|   vector unsigned int v;
| 
|   ;
|   return 0;
| }
configure:6837: result: no
configure:6862: checking for VSX
configure:6884: gcc -c -mvsx  conftest.c >&5
cc1: error: invalid option `vsx'
configure:6884: $? = 1
configure: failed program was:
| /* confdefs.h */
| #define PACKAGE_NAME "Valgrind"
| #define PACKAGE_TARNAME "valgrind"
| #define PACKAGE_VERSION "3.8.0.SVN"
| #define PACKAGE_STRING "Valgrind 3.8.0.SVN"
| #define PACKAGE_BUGREPORT "valgrind-users@lists.sourceforge.net"
| #define PACKAGE_URL ""
| #define PACKAGE "valgrind"
| #define VERSION "3.8.0.SVN"
| #define GDB_PATH "/usr/bin/gdb"
| #define KERNEL_2_6 1
| #define VG_TMPDIR "/tmp"
| #define STDC_HEADERS 1
| #define HAVE_SYS_TYPES_H 1
| #define HAVE_SYS_STAT_H 1
| #define HAVE_STDLIB_H 1
| #define HAVE_STRING_H 1
| #define HAVE_MEMORY_H 1
| #define HAVE_STRINGS_H 1
| #define HAVE_INTTYPES_H 1
| #define HAVE_STDINT_H 1
| #define HAVE_UNISTD_H 1
| #define GLIBC_2_11 1
| #define HAVE_CLOCK_MONOTONIC 1
| #define HAVE_PTHREAD_RWLOCK_T 1
| #define HAVE_PTHREAD_MUTEX_ADAPTIVE_NP 1
| #define HAVE_PTHREAD_MUTEX_ERRORCHECK_NP 1
| #define HAVE_PTHREAD_MUTEX_RECURSIVE_NP 1
| #define HAVE_PTHREAD_RECURSIVE_MUTEX_INITIALIZER_NP 1
| #define HAVE_PTHREAD_MUTEX_T__DATA__KIND 1
| /* end confdefs.h.  */
| 
| #include <altivec.h>
| 
| int
| main ()
| {
| 
|   vector unsigned int v;
|   __asm__ __volatile__("xsmaddadp 32, 32, 33" ::: "memory","cc");
| 
|   ;
|   return 0;
| }
configure:6893: result: no
configure:6911: checking for pthread_create@GLIBC2.0()
configure:6942: gcc -o conftest -lpthread   conftest.c  >&5
configure:6942: $? = 0
configure:6945: result: yes
configure:6973: checking for eventfd()
configure:6996: gcc -o conftest -Wno-long-long    conftest.c  >&5
configure:6996: $? = 0
configure:6998: result: yes
configure:7022: checking if gcc accepts -m32
configure:7041: gcc -c -m32  conftest.c >&5
configure:7041: $? = 0
configure:7044: result: yes
configure:7061: checking if gcc accepts -m64
configure:7080: gcc -c -m64  conftest.c >&5
conftest.c:1: sorry, unimplemented: 64-bit mode not compiled in
configure:7080: $? = 1
configure: failed program was:
| /* confdefs.h */
| #define PACKAGE_NAME "Valgrind"
| #define PACKAGE_TARNAME "valgrind"
| #define PACKAGE_VERSION "3.8.0.SVN"
| #define PACKAGE_STRING "Valgrind 3.8.0.SVN"
| #define PACKAGE_BUGREPORT "valgrind-users@lists.sourceforge.net"
| #define PACKAGE_URL ""
| #define PACKAGE "valgrind"
| #define VERSION "3.8.0.SVN"
| #define GDB_PATH "/usr/bin/gdb"
| #define KERNEL_2_6 1
| #define VG_TMPDIR "/tmp"
| #define STDC_HEADERS 1
| #define HAVE_SYS_TYPES_H 1
| #define HAVE_SYS_STAT_H 1
| #define HAVE_STDLIB_H 1
| #define HAVE_STRING_H 1
| #define HAVE_MEMORY_H 1
| #define HAVE_STRINGS_H 1
| #define HAVE_INTTYPES_H 1
| #define HAVE_STDINT_H 1
| #define HAVE_UNISTD_H 1
| #define GLIBC_2_11 1
| #define HAVE_CLOCK_MONOTONIC 1
| #define HAVE_PTHREAD_RWLOCK_T 1
| #define HAVE_PTHREAD_MUTEX_ADAPTIVE_NP 1
| #define HAVE_PTHREAD_MUTEX_ERRORCHECK_NP 1
| #define HAVE_PTHREAD_MUTEX_RECURSIVE_NP 1
| #define HAVE_PTHREAD_RECURSIVE_MUTEX_INITIALIZER_NP 1
| #define HAVE_PTHREAD_MUTEX_T__DATA__KIND 1
| #define HAVE_PTHREAD_CREATE_GLIBC_2_0 1
| #define HAVE_EVENTFD 1
| #define HAVE_EVENTFD_READ 1
| /* end confdefs.h.  */
| 
| int
| main ()
| {
| 
|   return 0;
| 
|   ;
|   return 0;
| }
configure:7089: result: no
configure:7100: checking if gcc accepts -mmmx
configure:7119: gcc -c -mmmx  conftest.c >&5
configure:7119: $? = 0
configure:7122: result: yes
configure:7139: checking if gcc accepts -msse
configure:7158: gcc -c -msse  conftest.c >&5
configure:7158: $? = 0
configure:7161: result: yes
configure:7178: checking if gcc accepts -mpreferred-stack-boundary
configure:7197: gcc -c -mpreferred-stack-boundary=2  conftest.c >&5
configure:7197: $? = 0
configure:7200: result: yes
configure:7217: checking if gcc accepts -Wno-pointer-sign
configure:7236: gcc -c -Wno-pointer-sign  conftest.c >&5
cc1: error: unrecognized command line option "-Wno-pointer-sign"
configure:7236: $? = 1
configure: failed program was:
| /* confdefs.h */
| #define PACKAGE_NAME "Valgrind"
| #define PACKAGE_TARNAME "valgrind"
| #define PACKAGE_VERSION "3.8.0.SVN"
| #define PACKAGE_STRING "Valgrind 3.8.0.SVN"
| #define PACKAGE_BUGREPORT "valgrind-users@lists.sourceforge.net"
| #define PACKAGE_URL ""
| #define PACKAGE "valgrind"
| #define VERSION "3.8.0.SVN"
| #define GDB_PATH "/usr/bin/gdb"
| #define KERNEL_2_6 1
| #define VG_TMPDIR "/tmp"
| #define STDC_HEADERS 1
| #define HAVE_SYS_TYPES_H 1
| #define HAVE_SYS_STAT_H 1
| #define HAVE_STDLIB_H 1
| #define HAVE_STRING_H 1
| #define HAVE_MEMORY_H 1
| #define HAVE_STRINGS_H 1
| #define HAVE_INTTYPES_H 1
| #define HAVE_STDINT_H 1
| #define HAVE_UNISTD_H 1
| #define GLIBC_2_11 1
| #define HAVE_CLOCK_MONOTONIC 1
| #define HAVE_PTHREAD_RWLOCK_T 1
| #define HAVE_PTHREAD_MUTEX_ADAPTIVE_NP 1
| #define HAVE_PTHREAD_MUTEX_ERRORCHECK_NP 1
| #define HAVE_PTHREAD_MUTEX_RECURSIVE_NP 1
| #define HAVE_PTHREAD_RECURSIVE_MUTEX_INITIALIZER_NP 1
| #define HAVE_PTHREAD_MUTEX_T__DATA__KIND 1
| #define HAVE_PTHREAD_CREATE_GLIBC_2_0 1
| #define HAVE_EVENTFD 1
| #define HAVE_EVENTFD_READ 1
| /* end confdefs.h.  */
| 
| int
| main ()
| {
| 
|   return 0;
| 
|   ;
|   return 0;
| }
configure:7245: result: no
configure:7259: checking if gcc accepts -Wno-empty-body
configure:7278: gcc -c -Wno-empty-body  conftest.c >&5
cc1: error: unrecognized command line option "-Wno-empty-body"
configure:7278: $? = 1
configure: failed program was:
| /* confdefs.h */
| #define PACKAGE_NAME "Valgrind"
| #define PACKAGE_TARNAME "valgrind"
| #define PACKAGE_VERSION "3.8.0.SVN"
| #define PACKAGE_STRING "Valgrind 3.8.0.SVN"
| #define PACKAGE_BUGREPORT "valgrind-users@lists.sourceforge.net"
| #define PACKAGE_URL ""
| #define PACKAGE "valgrind"
| #define VERSION "3.8.0.SVN"
| #define GDB_PATH "/usr/bin/gdb"
| #define KERNEL_2_6 1
| #define VG_TMPDIR "/tmp"
| #define STDC_HEADERS 1
| #define HAVE_SYS_TYPES_H 1
| #define HAVE_SYS_STAT_H 1
| #define HAVE_STDLIB_H 1
| #define HAVE_STRING_H 1
| #define HAVE_MEMORY_H 1
| #define HAVE_STRINGS_H 1
| #define HAVE_INTTYPES_H 1
| #define HAVE_STDINT_H 1
| #define HAVE_UNISTD_H 1
| #define GLIBC_2_11 1
| #define HAVE_CLOCK_MONOTONIC 1
| #define HAVE_PTHREAD_RWLOCK_T 1
| #define HAVE_PTHREAD_MUTEX_ADAPTIVE_NP 1
| #define HAVE_PTHREAD_MUTEX_ERRORCHECK_NP 1
| #define HAVE_PTHREAD_MUTEX_RECURSIVE_NP 1
| #define HAVE_PTHREAD_RECURSIVE_MUTEX_INITIALIZER_NP 1
| #define HAVE_PTHREAD_MUTEX_T__DATA__KIND 1
| #define HAVE_PTHREAD_CREATE_GLIBC_2_0 1
| #define HAVE_EVENTFD 1
| #define HAVE_EVENTFD_READ 1
| /* end confdefs.h.  */
| 
| int
| main ()
| {
| 
|   return 0;
| 
|   ;
|   return 0;
| }
configure:7288: result: no
configure:7298: checking if gcc accepts -Wno-format-zero-length
configure:7317: gcc -c -Wno-format-zero-length  conftest.c >&5
configure:7317: $? = 0
configure:7321: result: yes
configure:7337: checking if gcc accepts -Wno-nonnull
configure:7356: gcc -c -Wno-nonnull  conftest.c >&5
configure:7356: $? = 0
configure:7360: result: yes
configure:7376: checking if gcc accepts -Wno-overflow
configure:7395: gcc -c -Wno-overflow  conftest.c >&5
cc1: error: unrecognized command line option "-Wno-overflow"
configure:7395: $? = 1
configure: failed program was:
| /* confdefs.h */
| #define PACKAGE_NAME "Valgrind"
| #define PACKAGE_TARNAME "valgrind"
| #define PACKAGE_VERSION "3.8.0.SVN"
| #define PACKAGE_STRING "Valgrind 3.8.0.SVN"
| #define PACKAGE_BUGREPORT "valgrind-users@lists.sourceforge.net"
| #define PACKAGE_URL ""
| #define PACKAGE "valgrind"
| #define VERSION "3.8.0.SVN"
| #define GDB_PATH "/usr/bin/gdb"
| #define KERNEL_2_6 1
| #define VG_TMPDIR "/tmp"
| #define STDC_HEADERS 1
| #define HAVE_SYS_TYPES_H 1
| #define HAVE_SYS_STAT_H 1
| #define HAVE_STDLIB_H 1
| #define HAVE_STRING_H 1
| #define HAVE_MEMORY_H 1
| #define HAVE_STRINGS_H 1
| #define HAVE_INTTYPES_H 1
| #define HAVE_STDINT_H 1
| #define HAVE_UNISTD_H 1
| #define GLIBC_2_11 1
| #define HAVE_CLOCK_MONOTONIC 1
| #define HAVE_PTHREAD_RWLOCK_T 1
| #define HAVE_PTHREAD_MUTEX_ADAPTIVE_NP 1
| #define HAVE_PTHREAD_MUTEX_ERRORCHECK_NP 1
| #define HAVE_PTHREAD_MUTEX_RECURSIVE_NP 1
| #define HAVE_PTHREAD_RECURSIVE_MUTEX_INITIALIZER_NP 1
| #define HAVE_PTHREAD_MUTEX_T__DATA__KIND 1
| #define HAVE_PTHREAD_CREATE_GLIBC_2_0 1
| #define HAVE_EVENTFD 1
| #define HAVE_EVENTFD_READ 1
| /* end confdefs.h.  */
| 
| int
| main ()
| {
| 
|   return 0;
| 
|   ;
|   return 0;
| }
configure:7405: result: no
configure:7415: checking if gcc accepts -Wno-uninitialized
configure:7434: gcc -c -Wno-uninitialized  conftest.c >&5
configure:7434: $? = 0
configure:7438: result: yes
configure:7454: checking if gcc accepts -Wextra or -W
configure:7473: gcc -c -Wextra  conftest.c >&5
configure:7473: $? = 0
configure:7477: result: -Wextra
configure:7518: checking if gcc accepts -fno-stack-protector
configure:7537: gcc -c -fno-stack-protector  conftest.c >&5
cc1: error: unrecognized command line option "-fno-stack-protector"
configure:7537: $? = 1
configure: failed program was:
| /* confdefs.h */
| #define PACKAGE_NAME "Valgrind"
| #define PACKAGE_TARNAME "valgrind"
| #define PACKAGE_VERSION "3.8.0.SVN"
| #define PACKAGE_STRING "Valgrind 3.8.0.SVN"
| #define PACKAGE_BUGREPORT "valgrind-users@lists.sourceforge.net"
| #define PACKAGE_URL ""
| #define PACKAGE "valgrind"
| #define VERSION "3.8.0.SVN"
| #define GDB_PATH "/usr/bin/gdb"
| #define KERNEL_2_6 1
| #define VG_TMPDIR "/tmp"
| #define STDC_HEADERS 1
| #define HAVE_SYS_TYPES_H 1
| #define HAVE_SYS_STAT_H 1
| #define HAVE_STDLIB_H 1
| #define HAVE_STRING_H 1
| #define HAVE_MEMORY_H 1
| #define HAVE_STRINGS_H 1
| #define HAVE_INTTYPES_H 1
| #define HAVE_STDINT_H 1
| #define HAVE_UNISTD_H 1
| #define GLIBC_2_11 1
| #define HAVE_CLOCK_MONOTONIC 1
| #define HAVE_PTHREAD_RWLOCK_T 1
| #define HAVE_PTHREAD_MUTEX_ADAPTIVE_NP 1
| #define HAVE_PTHREAD_MUTEX_ERRORCHECK_NP 1
| #define HAVE_PTHREAD_MUTEX_RECURSIVE_NP 1
| #define HAVE_PTHREAD_RECURSIVE_MUTEX_INITIALIZER_NP 1
| #define HAVE_PTHREAD_MUTEX_T__DATA__KIND 1
| #define HAVE_PTHREAD_CREATE_GLIBC_2_0 1
| #define HAVE_EVENTFD 1
| #define HAVE_EVENTFD_READ 1
| /* end confdefs.h.  */
| 
| int
| main ()
| {
| 
|   return 0;
| 
|   ;
|   return 0;
| }
configure:7548: result: no
configure:7564: checking if gcc accepts --param inline-unit-growth
configure:7583: gcc -c --param inline-unit-growth=900  conftest.c >&5
configure:7583: $? = 0
configure:7587: result: yes
configure:7607: checking if the linker accepts -Wl,--build-id=none
configure:7624: gcc -o conftest -Wl,--build-id=none   conftest.c  >&5
configure:7624: $? = 0
configure:7628: result: yes
configure:7645: checking if ppc32/64 as supports mtocrf/mfocrf
configure:7662: gcc -c -Wno-long-long   conftest.c >&5
/tmp/ccpqUGtU.s: Assembler messages:
/tmp/ccpqUGtU.s:17: Error: no such instruction: `mtocrf 4,0'
/tmp/ccpqUGtU.s:18: Error: no such instruction: `mfocrf 0,4'
configure:7662: $? = 1
configure: failed program was:
| /* confdefs.h */
| #define PACKAGE_NAME "Valgrind"
| #define PACKAGE_TARNAME "valgrind"
| #define PACKAGE_VERSION "3.8.0.SVN"
| #define PACKAGE_STRING "Valgrind 3.8.0.SVN"
| #define PACKAGE_BUGREPORT "valgrind-users@lists.sourceforge.net"
| #define PACKAGE_URL ""
| #define PACKAGE "valgrind"
| #define VERSION "3.8.0.SVN"
| #define GDB_PATH "/usr/bin/gdb"
| #define KERNEL_2_6 1
| #define VG_TMPDIR "/tmp"
| #define STDC_HEADERS 1
| #define HAVE_SYS_TYPES_H 1
| #define HAVE_SYS_STAT_H 1
| #define HAVE_STDLIB_H 1
| #define HAVE_STRING_H 1
| #define HAVE_MEMORY_H 1
| #define HAVE_STRINGS_H 1
| #define HAVE_INTTYPES_H 1
| #define HAVE_STDINT_H 1
| #define HAVE_UNISTD_H 1
| #define GLIBC_2_11 1
| #define HAVE_CLOCK_MONOTONIC 1
| #define HAVE_PTHREAD_RWLOCK_T 1
| #define HAVE_PTHREAD_MUTEX_ADAPTIVE_NP 1
| #define HAVE_PTHREAD_MUTEX_ERRORCHECK_NP 1
| #define HAVE_PTHREAD_MUTEX_RECURSIVE_NP 1
| #define HAVE_PTHREAD_RECURSIVE_MUTEX_INITIALIZER_NP 1
| #define HAVE_PTHREAD_MUTEX_T__DATA__KIND 1
| #define HAVE_PTHREAD_CREATE_GLIBC_2_0 1
| #define HAVE_EVENTFD 1
| #define HAVE_EVENTFD_READ 1
| /* end confdefs.h.  */
| 
| int
| main ()
| {
| 
| __asm__ __volatile__("mtocrf 4,0");
| __asm__ __volatile__("mfocrf 0,4");
| 
|   ;
|   return 0;
| }
configure:7671: result: no
configure:7688: checking if x86/amd64 assembler speaks SSE3
configure:7706: gcc -c -Wno-long-long   conftest.c >&5
configure:7706: $? = 0
configure:7709: result: yes
configure:7734: checking if x86/amd64 assembler speaks SSSE3
configure:7755: gcc -c -Wno-long-long  -msse  conftest.c >&5
configure:7755: $? = 0
configure:7758: result: yes
configure:7784: checking if x86/amd64 assembler supports 'pclmulqdq'
configure:7802: gcc -c -Wno-long-long   conftest.c >&5
configure:7802: $? = 0
configure:7805: result: yes
configure:7830: checking if x86/amd64 assembler supports 'lzcnt'
configure:7848: gcc -c -Wno-long-long   conftest.c >&5
/tmp/ccjWm9P1.s: Assembler messages:
/tmp/ccjWm9P1.s:17: Error: bad register name `%rax'
configure:7848: $? = 1
configure: failed program was:
| /* confdefs.h */
| #define PACKAGE_NAME "Valgrind"
| #define PACKAGE_TARNAME "valgrind"
| #define PACKAGE_VERSION "3.8.0.SVN"
| #define PACKAGE_STRING "Valgrind 3.8.0.SVN"
| #define PACKAGE_BUGREPORT "valgrind-users@lists.sourceforge.net"
| #define PACKAGE_URL ""
| #define PACKAGE "valgrind"
| #define VERSION "3.8.0.SVN"
| #define GDB_PATH "/usr/bin/gdb"
| #define KERNEL_2_6 1
| #define VG_TMPDIR "/tmp"
| #define STDC_HEADERS 1
| #define HAVE_SYS_TYPES_H 1
| #define HAVE_SYS_STAT_H 1
| #define HAVE_STDLIB_H 1
| #define HAVE_STRING_H 1
| #define HAVE_MEMORY_H 1
| #define HAVE_STRINGS_H 1
| #define HAVE_INTTYPES_H 1
| #define HAVE_STDINT_H 1
| #define HAVE_UNISTD_H 1
| #define GLIBC_2_11 1
| #define HAVE_CLOCK_MONOTONIC 1
| #define HAVE_PTHREAD_RWLOCK_T 1
| #define HAVE_PTHREAD_MUTEX_ADAPTIVE_NP 1
| #define HAVE_PTHREAD_MUTEX_ERRORCHECK_NP 1
| #define HAVE_PTHREAD_MUTEX_RECURSIVE_NP 1
| #define HAVE_PTHREAD_RECURSIVE_MUTEX_INITIALIZER_NP 1
| #define HAVE_PTHREAD_MUTEX_T__DATA__KIND 1
| #define HAVE_PTHREAD_CREATE_GLIBC_2_0 1
| #define HAVE_EVENTFD 1
| #define HAVE_EVENTFD_READ 1
| /* end confdefs.h.  */
| 
| int
| main ()
| {
| 
|   do {
|       __asm__ __volatile__("lzcnt %rax,%rax");
|   } while (0)
| 
|   ;
|   return 0;
| }
configure:7857: result: no
configure:7876: checking if x86/amd64 assembler speaks SSE4.2
configure:7897: gcc -c -Wno-long-long   conftest.c >&5
/tmp/cc5pTAp3.s: Assembler messages:
/tmp/cc5pTAp3.s:17: Error: bad register name `%r15'
/tmp/cc5pTAp3.s:18: Error: bad register name `%rcx)'
configure:7897: $? = 1
configure: failed program was:
| /* confdefs.h */
| #define PACKAGE_NAME "Valgrind"
| #define PACKAGE_TARNAME "valgrind"
| #define PACKAGE_VERSION "3.8.0.SVN"
| #define PACKAGE_STRING "Valgrind 3.8.0.SVN"
| #define PACKAGE_BUGREPORT "valgrind-users@lists.sourceforge.net"
| #define PACKAGE_URL ""
| #define PACKAGE "valgrind"
| #define VERSION "3.8.0.SVN"
| #define GDB_PATH "/usr/bin/gdb"
| #define KERNEL_2_6 1
| #define VG_TMPDIR "/tmp"
| #define STDC_HEADERS 1
| #define HAVE_SYS_TYPES_H 1
| #define HAVE_SYS_STAT_H 1
| #define HAVE_STDLIB_H 1
| #define HAVE_STRING_H 1
| #define HAVE_MEMORY_H 1
| #define HAVE_STRINGS_H 1
| #define HAVE_INTTYPES_H 1
| #define HAVE_STDINT_H 1
| #define HAVE_UNISTD_H 1
| #define GLIBC_2_11 1
| #define HAVE_CLOCK_MONOTONIC 1
| #define HAVE_PTHREAD_RWLOCK_T 1
| #define HAVE_PTHREAD_MUTEX_ADAPTIVE_NP 1
| #define HAVE_PTHREAD_MUTEX_ERRORCHECK_NP 1
| #define HAVE_PTHREAD_MUTEX_RECURSIVE_NP 1
| #define HAVE_PTHREAD_RECURSIVE_MUTEX_INITIALIZER_NP 1
| #define HAVE_PTHREAD_MUTEX_T__DATA__KIND 1
| #define HAVE_PTHREAD_CREATE_GLIBC_2_0 1
| #define HAVE_EVENTFD 1
| #define HAVE_EVENTFD_READ 1
| /* end confdefs.h.  */
| 
| int
| main ()
| {
| 
|   do { long long int x;
|    __asm__ __volatile__(
|       "crc32q %%r15,%%r15" : : : "r15" );
|    __asm__ __volatile__(
|       "pblendvb (%rcx), %xmm11"); }
|   while (0)
| 
|   ;
|   return 0;
| }
configure:7906: result: no
configure:7937: gcc -o conftest -Wno-long-long    conftest.c  >&5
configure:7937: $? = 0
configure:7948: checking for TLS support
configure:7971: gcc -o conftest -Wno-long-long    conftest.c  >&5
configure:7971: $? = 0
configure:7971: ./conftest
configure:7971: $? = 0
configure:7983: result: yes
configure:7997: checking for ANSI C header files
configure:8101: result: yes
configure:8126: checking asm/unistd.h usability
configure:8126: gcc -c -Wno-long-long   conftest.c >&5
configure:8126: $? = 0
configure:8126: result: yes
configure:8126: checking asm/unistd.h presence
configure:8126: gcc -E  conftest.c
configure:8126: $? = 0
configure:8126: result: yes
configure:8126: checking for asm/unistd.h
configure:8126: result: yes
configure:8126: checking endian.h usability
configure:8126: gcc -c -Wno-long-long   conftest.c >&5
configure:8126: $? = 0
configure:8126: result: yes
configure:8126: checking endian.h presence
configure:8126: gcc -E  conftest.c
configure:8126: $? = 0
configure:8126: result: yes
configure:8126: checking for endian.h
configure:8126: result: yes
configure:8126: checking mqueue.h usability
configure:8126: gcc -c -Wno-long-long   conftest.c >&5
configure:8126: $? = 0
configure:8126: result: yes
configure:8126: checking mqueue.h presence
configure:8126: gcc -E  conftest.c
configure:8126: $? = 0
configure:8126: result: yes
configure:8126: checking for mqueue.h
configure:8126: result: yes
configure:8126: checking sys/endian.h usability
configure:8126: gcc -c -Wno-long-long   conftest.c >&5
conftest.c:73:24: sys/endian.h: No such file or directory
configure:8126: $? = 1
configure: failed program was:
| /* confdefs.h */
| #define PACKAGE_NAME "Valgrind"
| #define PACKAGE_TARNAME "valgrind"
| #define PACKAGE_VERSION "3.8.0.SVN"
| #define PACKAGE_STRING "Valgrind 3.8.0.SVN"
| #define PACKAGE_BUGREPORT "valgrind-users@lists.sourceforge.net"
| #define PACKAGE_URL ""
| #define PACKAGE "valgrind"
| #define VERSION "3.8.0.SVN"
| #define GDB_PATH "/usr/bin/gdb"
| #define KERNEL_2_6 1
| #define VG_TMPDIR "/tmp"
| #define STDC_HEADERS 1
| #define HAVE_SYS_TYPES_H 1
| #define HAVE_SYS_STAT_H 1
| #define HAVE_STDLIB_H 1
| #define HAVE_STRING_H 1
| #define HAVE_MEMORY_H 1
| #define HAVE_STRINGS_H 1
| #define HAVE_INTTYPES_H 1
| #define HAVE_STDINT_H 1
| #define HAVE_UNISTD_H 1
| #define GLIBC_2_11 1
| #define HAVE_CLOCK_MONOTONIC 1
| #define HAVE_PTHREAD_RWLOCK_T 1
| #define HAVE_PTHREAD_MUTEX_ADAPTIVE_NP 1
| #define HAVE_PTHREAD_MUTEX_ERRORCHECK_NP 1
| #define HAVE_PTHREAD_MUTEX_RECURSIVE_NP 1
| #define HAVE_PTHREAD_RECURSIVE_MUTEX_INITIALIZER_NP 1
| #define HAVE_PTHREAD_MUTEX_T__DATA__KIND 1
| #define HAVE_PTHREAD_CREATE_GLIBC_2_0 1
| #define HAVE_EVENTFD 1
| #define HAVE_EVENTFD_READ 1
| #define HAVE_TLS 1
| #define STDC_HEADERS 1
| #define HAVE_ASM_UNISTD_H 1
| #define HAVE_ENDIAN_H 1
| #define HAVE_MQUEUE_H 1
| /* end confdefs.h.  */
| #include <stdio.h>
| #ifdef HAVE_SYS_TYPES_H
| # include <sys/types.h>
| #endif
| #ifdef HAVE_SYS_STAT_H
| # include <sys/stat.h>
| #endif
| #ifdef STDC_HEADERS
| # include <stdlib.h>
| # include <stddef.h>
| #else
| # ifdef HAVE_STDLIB_H
| #  include <stdlib.h>
| # endif
| #endif
| #ifdef HAVE_STRING_H
| # if !defined STDC_HEADERS && defined HAVE_MEMORY_H
| #  include <memory.h>
| # endif
| # include <string.h>
| #endif
| #ifdef HAVE_STRINGS_H
| # include <strings.h>
| #endif
| #ifdef HAVE_INTTYPES_H
| # include <inttypes.h>
| #endif
| #ifdef HAVE_STDINT_H
| # include <stdint.h>
| #endif
| #ifdef HAVE_UNISTD_H
| # include <unistd.h>
| #endif
| #include <sys/endian.h>
configure:8126: result: no
configure:8126: checking sys/endian.h presence
configure:8126: gcc -E  conftest.c
conftest.c:40:24: sys/endian.h: No such file or directory
configure:8126: $? = 1
configure: failed program was:
| /* confdefs.h */
| #define PACKAGE_NAME "Valgrind"
| #define PACKAGE_TARNAME "valgrind"
| #define PACKAGE_VERSION "3.8.0.SVN"
| #define PACKAGE_STRING "Valgrind 3.8.0.SVN"
| #define PACKAGE_BUGREPORT "valgrind-users@lists.sourceforge.net"
| #define PACKAGE_URL ""
| #define PACKAGE "valgrind"
| #define VERSION "3.8.0.SVN"
| #define GDB_PATH "/usr/bin/gdb"
| #define KERNEL_2_6 1
| #define VG_TMPDIR "/tmp"
| #define STDC_HEADERS 1
| #define HAVE_SYS_TYPES_H 1
| #define HAVE_SYS_STAT_H 1
| #define HAVE_STDLIB_H 1
| #define HAVE_STRING_H 1
| #define HAVE_MEMORY_H 1
| #define HAVE_STRINGS_H 1
| #define HAVE_INTTYPES_H 1
| #define HAVE_STDINT_H 1
| #define HAVE_UNISTD_H 1
| #define GLIBC_2_11 1
| #define HAVE_CLOCK_MONOTONIC 1
| #define HAVE_PTHREAD_RWLOCK_T 1
| #define HAVE_PTHREAD_MUTEX_ADAPTIVE_NP 1
| #define HAVE_PTHREAD_MUTEX_ERRORCHECK_NP 1
| #define HAVE_PTHREAD_MUTEX_RECURSIVE_NP 1
| #define HAVE_PTHREAD_RECURSIVE_MUTEX_INITIALIZER_NP 1
| #define HAVE_PTHREAD_MUTEX_T__DATA__KIND 1
| #define HAVE_PTHREAD_CREATE_GLIBC_2_0 1
| #define HAVE_EVENTFD 1
| #define HAVE_EVENTFD_READ 1
| #define HAVE_TLS 1
| #define STDC_HEADERS 1
| #define HAVE_ASM_UNISTD_H 1
| #define HAVE_ENDIAN_H 1
| #define HAVE_MQUEUE_H 1
| /* end confdefs.h.  */
| #include <sys/endian.h>
configure:8126: result: no
configure:8126: checking for sys/endian.h
configure:8126: result: no
configure:8126: checking sys/epoll.h usability
configure:8126: gcc -c -Wno-long-long   conftest.c >&5
configure:8126: $? = 0
configure:8126: result: yes
configure:8126: checking sys/epoll.h presence
configure:8126: gcc -E  conftest.c
configure:8126: $? = 0
configure:8126: result: yes
configure:8126: checking for sys/epoll.h
configure:8126: result: yes
configure:8126: checking sys/eventfd.h usability
configure:8126: gcc -c -Wno-long-long   conftest.c >&5
configure:8126: $? = 0
configure:8126: result: yes
configure:8126: checking sys/eventfd.h presence
configure:8126: gcc -E  conftest.c
configure:8126: $? = 0
configure:8126: result: yes
configure:8126: checking for sys/eventfd.h
configure:8126: result: yes
configure:8126: checking sys/klog.h usability
configure:8126: gcc -c -Wno-long-long   conftest.c >&5
configure:8126: $? = 0
configure:8126: result: yes
configure:8126: checking sys/klog.h presence
configure:8126: gcc -E  conftest.c
configure:8126: $? = 0
configure:8126: result: yes
configure:8126: checking for sys/klog.h
configure:8126: result: yes
configure:8126: checking sys/poll.h usability
configure:8126: gcc -c -Wno-long-long   conftest.c >&5
configure:8126: $? = 0
configure:8126: result: yes
configure:8126: checking sys/poll.h presence
configure:8126: gcc -E  conftest.c
configure:8126: $? = 0
configure:8126: result: yes
configure:8126: checking for sys/poll.h
configure:8126: result: yes
configure:8126: checking sys/signal.h usability
configure:8126: gcc -c -Wno-long-long   conftest.c >&5
configure:8126: $? = 0
configure:8126: result: yes
configure:8126: checking sys/signal.h presence
configure:8126: gcc -E  conftest.c
configure:8126: $? = 0
configure:8126: result: yes
configure:8126: checking for sys/signal.h
configure:8126: result: yes
configure:8126: checking sys/signalfd.h usability
configure:8126: gcc -c -Wno-long-long   conftest.c >&5
configure:8126: $? = 0
configure:8126: result: yes
configure:8126: checking sys/signalfd.h presence
configure:8126: gcc -E  conftest.c
configure:8126: $? = 0
configure:8126: result: yes
configure:8126: checking for sys/signalfd.h
configure:8126: result: yes
configure:8126: checking sys/syscall.h usability
configure:8126: gcc -c -Wno-long-long   conftest.c >&5
configure:8126: $? = 0
configure:8126: result: yes
configure:8126: checking sys/syscall.h presence
configure:8126: gcc -E  conftest.c
configure:8126: $? = 0
configure:8126: result: yes
configure:8126: checking for sys/syscall.h
configure:8126: result: yes
configure:8126: checking sys/time.h usability
configure:8126: gcc -c -Wno-long-long   conftest.c >&5
configure:8126: $? = 0
configure:8126: result: yes
configure:8126: checking sys/time.h presence
configure:8126: gcc -E  conftest.c
configure:8126: $? = 0
configure:8126: result: yes
configure:8126: checking for sys/time.h
configure:8126: result: yes
configure:8126: checking for sys/types.h
configure:8126: result: yes
configure:8139: checking if <linux/futex.h> is usable
configure:8157: gcc -c -Wno-long-long   conftest.c >&5
configure:8157: $? = 0
configure:8163: result: yes
configure:8178: checking for uid_t in sys/types.h
configure:8197: result: yes
configure:8208: checking for off_t
configure:8208: gcc -c -Wno-long-long   conftest.c >&5
configure:8208: $? = 0
configure:8208: gcc -c -Wno-long-long   conftest.c >&5
conftest.c: In function `main':
conftest.c:86: error: syntax error before ')' token
configure:8208: $? = 1
configure: failed program was:
| /* confdefs.h */
| #define PACKAGE_NAME "Valgrind"
| #define PACKAGE_TARNAME "valgrind"
| #define PACKAGE_VERSION "3.8.0.SVN"
| #define PACKAGE_STRING "Valgrind 3.8.0.SVN"
| #define PACKAGE_BUGREPORT "valgrind-users@lists.sourceforge.net"
| #define PACKAGE_URL ""
| #define PACKAGE "valgrind"
| #define VERSION "3.8.0.SVN"
| #define GDB_PATH "/usr/bin/gdb"
| #define KERNEL_2_6 1
| #define VG_TMPDIR "/tmp"
| #define STDC_HEADERS 1
| #define HAVE_SYS_TYPES_H 1
| #define HAVE_SYS_STAT_H 1
| #define HAVE_STDLIB_H 1
| #define HAVE_STRING_H 1
| #define HAVE_MEMORY_H 1
| #define HAVE_STRINGS_H 1
| #define HAVE_INTTYPES_H 1
| #define HAVE_STDINT_H 1
| #define HAVE_UNISTD_H 1
| #define GLIBC_2_11 1
| #define HAVE_CLOCK_MONOTONIC 1
| #define HAVE_PTHREAD_RWLOCK_T 1
| #define HAVE_PTHREAD_MUTEX_ADAPTIVE_NP 1
| #define HAVE_PTHREAD_MUTEX_ERRORCHECK_NP 1
| #define HAVE_PTHREAD_MUTEX_RECURSIVE_NP 1
| #define HAVE_PTHREAD_RECURSIVE_MUTEX_INITIALIZER_NP 1
| #define HAVE_PTHREAD_MUTEX_T__DATA__KIND 1
| #define HAVE_PTHREAD_CREATE_GLIBC_2_0 1
| #define HAVE_EVENTFD 1
| #define HAVE_EVENTFD_READ 1
| #define HAVE_TLS 1
| #define STDC_HEADERS 1
| #define HAVE_ASM_UNISTD_H 1
| #define HAVE_ENDIAN_H 1
| #define HAVE_MQUEUE_H 1
| #define HAVE_SYS_EPOLL_H 1
| #define HAVE_SYS_EVENTFD_H 1
| #define HAVE_SYS_KLOG_H 1
| #define HAVE_SYS_POLL_H 1
| #define HAVE_SYS_SIGNAL_H 1
| #define HAVE_SYS_SIGNALFD_H 1
| #define HAVE_SYS_SYSCALL_H 1
| #define HAVE_SYS_TIME_H 1
| #define HAVE_SYS_TYPES_H 1
| #define HAVE_USABLE_LINUX_FUTEX_H 1
| /* end confdefs.h.  */
| #include <stdio.h>
| #ifdef HAVE_SYS_TYPES_H
| # include <sys/types.h>
| #endif
| #ifdef HAVE_SYS_STAT_H
| # include <sys/stat.h>
| #endif
| #ifdef STDC_HEADERS
| # include <stdlib.h>
| # include <stddef.h>
| #else
| # ifdef HAVE_STDLIB_H
| #  include <stdlib.h>
| # endif
| #endif
| #ifdef HAVE_STRING_H
| # if !defined STDC_HEADERS && defined HAVE_MEMORY_H
| #  include <memory.h>
| # endif
| # include <string.h>
| #endif
| #ifdef HAVE_STRINGS_H
| # include <strings.h>
| #endif
| #ifdef HAVE_INTTYPES_H
| # include <inttypes.h>
| #endif
| #ifdef HAVE_STDINT_H
| # include <stdint.h>
| #endif
| #ifdef HAVE_UNISTD_H
| # include <unistd.h>
| #endif
| int
| main ()
| {
| if (sizeof ((off_t)))
| 	    return 0;
|   ;
|   return 0;
| }
configure:8208: result: yes
configure:8219: checking for size_t
configure:8219: gcc -c -Wno-long-long   conftest.c >&5
configure:8219: $? = 0
configure:8219: gcc -c -Wno-long-long   conftest.c >&5
conftest.c: In function `main':
conftest.c:86: error: syntax error before ')' token
configure:8219: $? = 1
configure: failed program was:
| /* confdefs.h */
| #define PACKAGE_NAME "Valgrind"
| #define PACKAGE_TARNAME "valgrind"
| #define PACKAGE_VERSION "3.8.0.SVN"
| #define PACKAGE_STRING "Valgrind 3.8.0.SVN"
| #define PACKAGE_BUGREPORT "valgrind-users@lists.sourceforge.net"
| #define PACKAGE_URL ""
| #define PACKAGE "valgrind"
| #define VERSION "3.8.0.SVN"
| #define GDB_PATH "/usr/bin/gdb"
| #define KERNEL_2_6 1
| #define VG_TMPDIR "/tmp"
| #define STDC_HEADERS 1
| #define HAVE_SYS_TYPES_H 1
| #define HAVE_SYS_STAT_H 1
| #define HAVE_STDLIB_H 1
| #define HAVE_STRING_H 1
| #define HAVE_MEMORY_H 1
| #define HAVE_STRINGS_H 1
| #define HAVE_INTTYPES_H 1
| #define HAVE_STDINT_H 1
| #define HAVE_UNISTD_H 1
| #define GLIBC_2_11 1
| #define HAVE_CLOCK_MONOTONIC 1
| #define HAVE_PTHREAD_RWLOCK_T 1
| #define HAVE_PTHREAD_MUTEX_ADAPTIVE_NP 1
| #define HAVE_PTHREAD_MUTEX_ERRORCHECK_NP 1
| #define HAVE_PTHREAD_MUTEX_RECURSIVE_NP 1
| #define HAVE_PTHREAD_RECURSIVE_MUTEX_INITIALIZER_NP 1
| #define HAVE_PTHREAD_MUTEX_T__DATA__KIND 1
| #define HAVE_PTHREAD_CREATE_GLIBC_2_0 1
| #define HAVE_EVENTFD 1
| #define HAVE_EVENTFD_READ 1
| #define HAVE_TLS 1
| #define STDC_HEADERS 1
| #define HAVE_ASM_UNISTD_H 1
| #define HAVE_ENDIAN_H 1
| #define HAVE_MQUEUE_H 1
| #define HAVE_SYS_EPOLL_H 1
| #define HAVE_SYS_EVENTFD_H 1
| #define HAVE_SYS_KLOG_H 1
| #define HAVE_SYS_POLL_H 1
| #define HAVE_SYS_SIGNAL_H 1
| #define HAVE_SYS_SIGNALFD_H 1
| #define HAVE_SYS_SYSCALL_H 1
| #define HAVE_SYS_TIME_H 1
| #define HAVE_SYS_TYPES_H 1
| #define HAVE_USABLE_LINUX_FUTEX_H 1
| /* end confdefs.h.  */
| #include <stdio.h>
| #ifdef HAVE_SYS_TYPES_H
| # include <sys/types.h>
| #endif
| #ifdef HAVE_SYS_STAT_H
| # include <sys/stat.h>
| #endif
| #ifdef STDC_HEADERS
| # include <stdlib.h>
| # include <stddef.h>
| #else
| # ifdef HAVE_STDLIB_H
| #  include <stdlib.h>
| # endif
| #endif
| #ifdef HAVE_STRING_H
| # if !defined STDC_HEADERS && defined HAVE_MEMORY_H
| #  include <memory.h>
| # endif
| # include <string.h>
| #endif
| #ifdef HAVE_STRINGS_H
| # include <strings.h>
| #endif
| #ifdef HAVE_INTTYPES_H
| # include <inttypes.h>
| #endif
| #ifdef HAVE_STDINT_H
| # include <stdint.h>
| #endif
| #ifdef HAVE_UNISTD_H
| # include <unistd.h>
| #endif
| int
| main ()
| {
| if (sizeof ((size_t)))
| 	    return 0;
|   ;
|   return 0;
| }
configure:8219: result: yes
configure:8230: checking whether time.h and sys/time.h may both be included
configure:8250: gcc -c -Wno-long-long   conftest.c >&5
configure:8250: $? = 0
configure:8257: result: yes
configure:8270: checking for working memcmp
configure:8313: gcc -o conftest -Wno-long-long    conftest.c  >&5
configure:8313: $? = 0
configure:8313: ./conftest
configure:8313: $? = 0
configure:8323: result: yes
configure:8338: checking for stdlib.h
configure:8338: result: yes
configure:8338: checking for unistd.h
configure:8338: result: yes
configure:8338: checking for sys/param.h
configure:8338: gcc -c -Wno-long-long   conftest.c >&5
configure:8338: $? = 0
configure:8338: result: yes
configure:8359: checking for getpagesize
configure:8359: gcc -o conftest -Wno-long-long    conftest.c  >&5
configure:8359: $? = 0
configure:8359: result: yes
configure:8368: checking for working mmap
configure:8515: gcc -o conftest -Wno-long-long    conftest.c  >&5
configure:8515: $? = 0
configure:8515: ./conftest
configure:8515: $? = 0
configure:8525: result: yes
configure:8535: checking for pthread_create in -lpthread
configure:8560: gcc -o conftest -Wno-long-long    conftest.c -lpthread   >&5
configure:8560: $? = 0
configure:8569: result: yes
configure:8580: checking for clock_gettime in -lrt
configure:8605: gcc -o conftest -Wno-long-long    conftest.c -lrt  -lpthread  >&5
configure:8605: $? = 0
configure:8614: result: yes
configure:8658: checking for clock_gettime
configure:8658: gcc -o conftest -Wno-long-long    conftest.c -lrt -lpthread  >&5
configure:8658: $? = 0
configure:8658: result: yes
configure:8658: checking for epoll_create
configure:8658: gcc -o conftest -Wno-long-long    conftest.c -lrt -lpthread  >&5
configure:8658: $? = 0
configure:8658: result: yes
configure:8658: checking for epoll_pwait
configure:8658: gcc -o conftest -Wno-long-long    conftest.c -lrt -lpthread  >&5
configure:8658: $? = 0
configure:8658: result: yes
configure:8658: checking for klogctl
configure:8658: gcc -o conftest -Wno-long-long    conftest.c -lrt -lpthread  >&5
configure:8658: $? = 0
configure:8658: result: yes
configure:8658: checking for mallinfo
configure:8658: gcc -o conftest -Wno-long-long    conftest.c -lrt -lpthread  >&5
configure:8658: $? = 0
configure:8658: result: yes
configure:8658: checking for memchr
configure:8658: gcc -o conftest -Wno-long-long    conftest.c -lrt -lpthread  >&5
configure:8658: $? = 0
configure:8658: result: yes
configure:8658: checking for memset
configure:8658: gcc -o conftest -Wno-long-long    conftest.c -lrt -lpthread  >&5
conftest.c:87: warning: conflicting types for built-in function 'memset'
configure:8658: $? = 0
configure:8658: result: yes
configure:8658: checking for mkdir
configure:8658: gcc -o conftest -Wno-long-long    conftest.c -lrt -lpthread  >&5
configure:8658: $? = 0
configure:8658: result: yes
configure:8658: checking for mremap
configure:8658: gcc -o conftest -Wno-long-long    conftest.c -lrt -lpthread  >&5
configure:8658: $? = 0
configure:8658: result: yes
configure:8658: checking for ppoll
configure:8658: gcc -o conftest -Wno-long-long    conftest.c -lrt -lpthread  >&5
configure:8658: $? = 0
configure:8658: result: yes
configure:8658: checking for pthread_barrier_init
configure:8658: gcc -o conftest -Wno-long-long    conftest.c -lrt -lpthread  >&5
configure:8658: $? = 0
configure:8658: result: yes
configure:8658: checking for pthread_condattr_setclock
configure:8658: gcc -o conftest -Wno-long-long    conftest.c -lrt -lpthread  >&5
configure:8658: $? = 0
configure:8658: result: yes
configure:8658: checking for pthread_mutex_timedlock
configure:8658: gcc -o conftest -Wno-long-long    conftest.c -lrt -lpthread  >&5
configure:8658: $? = 0
configure:8658: result: yes
configure:8658: checking for pthread_rwlock_timedrdlock
configure:8658: gcc -o conftest -Wno-long-long    conftest.c -lrt -lpthread  >&5
configure:8658: $? = 0
configure:8658: result: yes
configure:8658: checking for pthread_rwlock_timedwrlock
configure:8658: gcc -o conftest -Wno-long-long    conftest.c -lrt -lpthread  >&5
configure:8658: $? = 0
configure:8658: result: yes
configure:8658: checking for pthread_spin_lock
configure:8658: gcc -o conftest -Wno-long-long    conftest.c -lrt -lpthread  >&5
configure:8658: $? = 0
configure:8658: result: yes
configure:8658: checking for pthread_yield
configure:8658: gcc -o conftest -Wno-long-long    conftest.c -lrt -lpthread  >&5
configure:8658: $? = 0
configure:8658: result: yes
configure:8658: checking for readlinkat
configure:8658: gcc -o conftest -Wno-long-long    conftest.c -lrt -lpthread  >&5
configure:8658: $? = 0
configure:8658: result: yes
configure:8658: checking for semtimedop
configure:8658: gcc -o conftest -Wno-long-long    conftest.c -lrt -lpthread  >&5
configure:8658: $? = 0
configure:8658: result: yes
configure:8658: checking for signalfd
configure:8658: gcc -o conftest -Wno-long-long    conftest.c -lrt -lpthread  >&5
configure:8658: $? = 0
configure:8658: result: yes
configure:8658: checking for sigwaitinfo
configure:8658: gcc -o conftest -Wno-long-long    conftest.c -lrt -lpthread  >&5
configure:8658: $? = 0
configure:8658: result: yes
configure:8658: checking for strchr
configure:8658: gcc -o conftest -Wno-long-long    conftest.c -lrt -lpthread  >&5
conftest.c:102: warning: conflicting types for built-in function 'strchr'
configure:8658: $? = 0
configure:8658: result: yes
configure:8658: checking for strdup
configure:8658: gcc -o conftest -Wno-long-long    conftest.c -lrt -lpthread  >&5
conftest.c:103: warning: conflicting types for built-in function 'strdup'
configure:8658: $? = 0
configure:8658: result: yes
configure:8658: checking for strpbrk
configure:8658: gcc -o conftest -Wno-long-long    conftest.c -lrt -lpthread  >&5
conftest.c:104: warning: conflicting types for built-in function 'strpbrk'
configure:8658: $? = 0
configure:8658: result: yes
configure:8658: checking for strrchr
configure:8658: gcc -o conftest -Wno-long-long    conftest.c -lrt -lpthread  >&5
conftest.c:105: warning: conflicting types for built-in function 'strrchr'
configure:8658: $? = 0
configure:8658: result: yes
configure:8658: checking for strstr
configure:8658: gcc -o conftest -Wno-long-long    conftest.c -lrt -lpthread  >&5
conftest.c:106: warning: conflicting types for built-in function 'strstr'
configure:8658: $? = 0
configure:8658: result: yes
configure:8658: checking for syscall
configure:8658: gcc -o conftest -Wno-long-long    conftest.c -lrt -lpthread  >&5
configure:8658: $? = 0
configure:8658: result: yes
configure:8658: checking for utimensat
configure:8658: gcc -o conftest -Wno-long-long    conftest.c -lrt -lpthread  >&5
configure:8658: $? = 0
configure:8658: result: yes
configure:8739: checking primary target for usable MPI2-compliant C compiler and mpi.h
configure:8763: mpicc -o conftest -m32   conftest.c  >&5
./configure: line 1703: mpicc: command not found
configure:8763: $? = 127
configure: failed program was:
| /* confdefs.h */
| #define PACKAGE_NAME "Valgrind"
| #define PACKAGE_TARNAME "valgrind"
| #define PACKAGE_VERSION "3.8.0.SVN"
| #define PACKAGE_STRING "Valgrind 3.8.0.SVN"
| #define PACKAGE_BUGREPORT "valgrind-users@lists.sourceforge.net"
| #define PACKAGE_URL ""
| #define PACKAGE "valgrind"
| #define VERSION "3.8.0.SVN"
| #define GDB_PATH "/usr/bin/gdb"
| #define KERNEL_2_6 1
| #define VG_TMPDIR "/tmp"
| #define STDC_HEADERS 1
| #define HAVE_SYS_TYPES_H 1
| #define HAVE_SYS_STAT_H 1
| #define HAVE_STDLIB_H 1
| #define HAVE_STRING_H 1
| #define HAVE_MEMORY_H 1
| #define HAVE_STRINGS_H 1
| #define HAVE_INTTYPES_H 1
| #define HAVE_STDINT_H 1
| #define HAVE_UNISTD_H 1
| #define GLIBC_2_11 1
| #define HAVE_CLOCK_MONOTONIC 1
| #define HAVE_PTHREAD_RWLOCK_T 1
| #define HAVE_PTHREAD_MUTEX_ADAPTIVE_NP 1
| #define HAVE_PTHREAD_MUTEX_ERRORCHECK_NP 1
| #define HAVE_PTHREAD_MUTEX_RECURSIVE_NP 1
| #define HAVE_PTHREAD_RECURSIVE_MUTEX_INITIALIZER_NP 1
| #define HAVE_PTHREAD_MUTEX_T__DATA__KIND 1
| #define HAVE_PTHREAD_CREATE_GLIBC_2_0 1
| #define HAVE_EVENTFD 1
| #define HAVE_EVENTFD_READ 1
| #define HAVE_TLS 1
| #define STDC_HEADERS 1
| #define HAVE_ASM_UNISTD_H 1
| #define HAVE_ENDIAN_H 1
| #define HAVE_MQUEUE_H 1
| #define HAVE_SYS_EPOLL_H 1
| #define HAVE_SYS_EVENTFD_H 1
| #define HAVE_SYS_KLOG_H 1
| #define HAVE_SYS_POLL_H 1
| #define HAVE_SYS_SIGNAL_H 1
| #define HAVE_SYS_SIGNALFD_H 1
| #define HAVE_SYS_SYSCALL_H 1
| #define HAVE_SYS_TIME_H 1
| #define HAVE_SYS_TYPES_H 1
| #define HAVE_USABLE_LINUX_FUTEX_H 1
| #define TIME_WITH_SYS_TIME 1
| #define HAVE_STDLIB_H 1
| #define HAVE_UNISTD_H 1
| #define HAVE_SYS_PARAM_H 1
| #define HAVE_GETPAGESIZE 1
| #define HAVE_MMAP 1
| #define HAVE_LIBPTHREAD 1
| #define HAVE_LIBRT 1
| #define HAVE_CLOCK_GETTIME 1
| #define HAVE_EPOLL_CREATE 1
| #define HAVE_EPOLL_PWAIT 1
| #define HAVE_KLOGCTL 1
| #define HAVE_MALLINFO 1
| #define HAVE_MEMCHR 1
| #define HAVE_MEMSET 1
| #define HAVE_MKDIR 1
| #define HAVE_MREMAP 1
| #define HAVE_PPOLL 1
| #define HAVE_PTHREAD_BARRIER_INIT 1
| #define HAVE_PTHREAD_CONDATTR_SETCLOCK 1
| #define HAVE_PTHREAD_MUTEX_TIMEDLOCK 1
| #define HAVE_PTHREAD_RWLOCK_TIMEDRDLOCK 1
| #define HAVE_PTHREAD_RWLOCK_TIMEDWRLOCK 1
| #define HAVE_PTHREAD_SPIN_LOCK 1
| #define HAVE_PTHREAD_YIELD 1
| #define HAVE_READLINKAT 1
| #define HAVE_SEMTIMEDOP 1
| #define HAVE_SIGNALFD 1
| #define HAVE_SIGWAITINFO 1
| #define HAVE_STRCHR 1
| #define HAVE_STRDUP 1
| #define HAVE_STRPBRK 1
| #define HAVE_STRRCHR 1
| #define HAVE_STRSTR 1
| #define HAVE_SYSCALL 1
| #define HAVE_UTIMENSAT 1
| /* end confdefs.h.  */
| 
| #include <mpi.h>
| #include <stdio.h>
| 
| int
| main ()
| {
| 
|   int r = MPI_Init(NULL,NULL);
|   r |= MPI_Type_get_contents( MPI_INT, 0,0,0, NULL,NULL,NULL );
|   return r;
| 
|   ;
|   return 0;
| }
configure:8772: result: no
configure:8794: checking secondary target for usable MPI2-compliant C compiler and mpi.h
configure:8822: mpicc this will surely fail -o conftest    conftest.c  >&5
./configure: line 1703: mpicc: command not found
configure:8822: $? = 127
configure: failed program was:
| /* confdefs.h */
| #define PACKAGE_NAME "Valgrind"
| #define PACKAGE_TARNAME "valgrind"
| #define PACKAGE_VERSION "3.8.0.SVN"
| #define PACKAGE_STRING "Valgrind 3.8.0.SVN"
| #define PACKAGE_BUGREPORT "valgrind-users@lists.sourceforge.net"
| #define PACKAGE_URL ""
| #define PACKAGE "valgrind"
| #define VERSION "3.8.0.SVN"
| #define GDB_PATH "/usr/bin/gdb"
| #define KERNEL_2_6 1
| #define VG_TMPDIR "/tmp"
| #define STDC_HEADERS 1
| #define HAVE_SYS_TYPES_H 1
| #define HAVE_SYS_STAT_H 1
| #define HAVE_STDLIB_H 1
| #define HAVE_STRING_H 1
| #define HAVE_MEMORY_H 1
| #define HAVE_STRINGS_H 1
| #define HAVE_INTTYPES_H 1
| #define HAVE_STDINT_H 1
| #define HAVE_UNISTD_H 1
| #define GLIBC_2_11 1
| #define HAVE_CLOCK_MONOTONIC 1
| #define HAVE_PTHREAD_RWLOCK_T 1
| #define HAVE_PTHREAD_MUTEX_ADAPTIVE_NP 1
| #define HAVE_PTHREAD_MUTEX_ERRORCHECK_NP 1
| #define HAVE_PTHREAD_MUTEX_RECURSIVE_NP 1
| #define HAVE_PTHREAD_RECURSIVE_MUTEX_INITIALIZER_NP 1
| #define HAVE_PTHREAD_MUTEX_T__DATA__KIND 1
| #define HAVE_PTHREAD_CREATE_GLIBC_2_0 1
| #define HAVE_EVENTFD 1
| #define HAVE_EVENTFD_READ 1
| #define HAVE_TLS 1
| #define STDC_HEADERS 1
| #define HAVE_ASM_UNISTD_H 1
| #define HAVE_ENDIAN_H 1
| #define HAVE_MQUEUE_H 1
| #define HAVE_SYS_EPOLL_H 1
| #define HAVE_SYS_EVENTFD_H 1
| #define HAVE_SYS_KLOG_H 1
| #define HAVE_SYS_POLL_H 1
| #define HAVE_SYS_SIGNAL_H 1
| #define HAVE_SYS_SIGNALFD_H 1
| #define HAVE_SYS_SYSCALL_H 1
| #define HAVE_SYS_TIME_H 1
| #define HAVE_SYS_TYPES_H 1
| #define HAVE_USABLE_LINUX_FUTEX_H 1
| #define TIME_WITH_SYS_TIME 1
| #define HAVE_STDLIB_H 1
| #define HAVE_UNISTD_H 1
| #define HAVE_SYS_PARAM_H 1
| #define HAVE_GETPAGESIZE 1
| #define HAVE_MMAP 1
| #define HAVE_LIBPTHREAD 1
| #define HAVE_LIBRT 1
| #define HAVE_CLOCK_GETTIME 1
| #define HAVE_EPOLL_CREATE 1
| #define HAVE_EPOLL_PWAIT 1
| #define HAVE_KLOGCTL 1
| #define HAVE_MALLINFO 1
| #define HAVE_MEMCHR 1
| #define HAVE_MEMSET 1
| #define HAVE_MKDIR 1
| #define HAVE_MREMAP 1
| #define HAVE_PPOLL 1
| #define HAVE_PTHREAD_BARRIER_INIT 1
| #define HAVE_PTHREAD_CONDATTR_SETCLOCK 1
| #define HAVE_PTHREAD_MUTEX_TIMEDLOCK 1
| #define HAVE_PTHREAD_RWLOCK_TIMEDRDLOCK 1
| #define HAVE_PTHREAD_RWLOCK_TIMEDWRLOCK 1
| #define HAVE_PTHREAD_SPIN_LOCK 1
| #define HAVE_PTHREAD_YIELD 1
| #define HAVE_READLINKAT 1
| #define HAVE_SEMTIMEDOP 1
| #define HAVE_SIGNALFD 1
| #define HAVE_SIGWAITINFO 1
| #define HAVE_STRCHR 1
| #define HAVE_STRDUP 1
| #define HAVE_STRPBRK 1
| #define HAVE_STRRCHR 1
| #define HAVE_STRSTR 1
| #define HAVE_SYSCALL 1
| #define HAVE_UTIMENSAT 1
| /* end confdefs.h.  */
| 
| #include <mpi.h>
| #include <stdio.h>
| 
| int
| main ()
| {
| 
|   int r = MPI_Init(NULL,NULL);
|   r |= MPI_Type_get_contents( MPI_INT, 0,0,0, NULL,NULL,NULL );
|   return r;
| 
|   ;
|   return 0;
| }
configure:8831: result: no
configure:8871: checking for boost
configure:8897: g++ -o conftest -lboost_thread-mt -m32   conftest.cpp  >&5
/usr/bin/ld: cannot find -lboost_thread-mt
collect2: ld returned 1 exit status
configure:8897: $? = 1
configure: failed program was:
| /* confdefs.h */
| #define PACKAGE_NAME "Valgrind"
| #define PACKAGE_TARNAME "valgrind"
| #define PACKAGE_VERSION "3.8.0.SVN"
| #define PACKAGE_STRING "Valgrind 3.8.0.SVN"
| #define PACKAGE_BUGREPORT "valgrind-users@lists.sourceforge.net"
| #define PACKAGE_URL ""
| #define PACKAGE "valgrind"
| #define VERSION "3.8.0.SVN"
| #define GDB_PATH "/usr/bin/gdb"
| #define KERNEL_2_6 1
| #define VG_TMPDIR "/tmp"
| #define STDC_HEADERS 1
| #define HAVE_SYS_TYPES_H 1
| #define HAVE_SYS_STAT_H 1
| #define HAVE_STDLIB_H 1
| #define HAVE_STRING_H 1
| #define HAVE_MEMORY_H 1
| #define HAVE_STRINGS_H 1
| #define HAVE_INTTYPES_H 1
| #define HAVE_STDINT_H 1
| #define HAVE_UNISTD_H 1
| #define GLIBC_2_11 1
| #define HAVE_CLOCK_MONOTONIC 1
| #define HAVE_PTHREAD_RWLOCK_T 1
| #define HAVE_PTHREAD_MUTEX_ADAPTIVE_NP 1
| #define HAVE_PTHREAD_MUTEX_ERRORCHECK_NP 1
| #define HAVE_PTHREAD_MUTEX_RECURSIVE_NP 1
| #define HAVE_PTHREAD_RECURSIVE_MUTEX_INITIALIZER_NP 1
| #define HAVE_PTHREAD_MUTEX_T__DATA__KIND 1
| #define HAVE_PTHREAD_CREATE_GLIBC_2_0 1
| #define HAVE_EVENTFD 1
| #define HAVE_EVENTFD_READ 1
| #define HAVE_TLS 1
| #define STDC_HEADERS 1
| #define HAVE_ASM_UNISTD_H 1
| #define HAVE_ENDIAN_H 1
| #define HAVE_MQUEUE_H 1
| #define HAVE_SYS_EPOLL_H 1
| #define HAVE_SYS_EVENTFD_H 1
| #define HAVE_SYS_KLOG_H 1
| #define HAVE_SYS_POLL_H 1
| #define HAVE_SYS_SIGNAL_H 1
| #define HAVE_SYS_SIGNALFD_H 1
| #define HAVE_SYS_SYSCALL_H 1
| #define HAVE_SYS_TIME_H 1
| #define HAVE_SYS_TYPES_H 1
| #define HAVE_USABLE_LINUX_FUTEX_H 1
| #define TIME_WITH_SYS_TIME 1
| #define HAVE_STDLIB_H 1
| #define HAVE_UNISTD_H 1
| #define HAVE_SYS_PARAM_H 1
| #define HAVE_GETPAGESIZE 1
| #define HAVE_MMAP 1
| #define HAVE_LIBPTHREAD 1
| #define HAVE_LIBRT 1
| #define HAVE_CLOCK_GETTIME 1
| #define HAVE_EPOLL_CREATE 1
| #define HAVE_EPOLL_PWAIT 1
| #define HAVE_KLOGCTL 1
| #define HAVE_MALLINFO 1
| #define HAVE_MEMCHR 1
| #define HAVE_MEMSET 1
| #define HAVE_MKDIR 1
| #define HAVE_MREMAP 1
| #define HAVE_PPOLL 1
| #define HAVE_PTHREAD_BARRIER_INIT 1
| #define HAVE_PTHREAD_CONDATTR_SETCLOCK 1
| #define HAVE_PTHREAD_MUTEX_TIMEDLOCK 1
| #define HAVE_PTHREAD_RWLOCK_TIMEDRDLOCK 1
| #define HAVE_PTHREAD_RWLOCK_TIMEDWRLOCK 1
| #define HAVE_PTHREAD_SPIN_LOCK 1
| #define HAVE_PTHREAD_YIELD 1
| #define HAVE_READLINKAT 1
| #define HAVE_SEMTIMEDOP 1
| #define HAVE_SIGNALFD 1
| #define HAVE_SIGWAITINFO 1
| #define HAVE_STRCHR 1
| #define HAVE_STRDUP 1
| #define HAVE_STRPBRK 1
| #define HAVE_STRRCHR 1
| #define HAVE_STRSTR 1
| #define HAVE_SYSCALL 1
| #define HAVE_UTIMENSAT 1
| /* end confdefs.h.  */
| 
| #include <boost/thread.hpp>
| static void thread_func(void)
| { }
| int main(int argc, char** argv)
| {
|   boost::thread t(thread_func);
|   return 0;
| }
| 
configure:8909: result: no
configure:8937: checking for OpenMP
configure:8954: gcc -o conftest -fopenmp -m32   conftest.c  >&5
cc1: error: unrecognized command line option "-fopenmp"
configure:8954: $? = 1
configure: failed program was:
| /* confdefs.h */
| #define PACKAGE_NAME "Valgrind"
| #define PACKAGE_TARNAME "valgrind"
| #define PACKAGE_VERSION "3.8.0.SVN"
| #define PACKAGE_STRING "Valgrind 3.8.0.SVN"
| #define PACKAGE_BUGREPORT "valgrind-users@lists.sourceforge.net"
| #define PACKAGE_URL ""
| #define PACKAGE "valgrind"
| #define VERSION "3.8.0.SVN"
| #define GDB_PATH "/usr/bin/gdb"
| #define KERNEL_2_6 1
| #define VG_TMPDIR "/tmp"
| #define STDC_HEADERS 1
| #define HAVE_SYS_TYPES_H 1
| #define HAVE_SYS_STAT_H 1
| #define HAVE_STDLIB_H 1
| #define HAVE_STRING_H 1
| #define HAVE_MEMORY_H 1
| #define HAVE_STRINGS_H 1
| #define HAVE_INTTYPES_H 1
| #define HAVE_STDINT_H 1
| #define HAVE_UNISTD_H 1
| #define GLIBC_2_11 1
| #define HAVE_CLOCK_MONOTONIC 1
| #define HAVE_PTHREAD_RWLOCK_T 1
| #define HAVE_PTHREAD_MUTEX_ADAPTIVE_NP 1
| #define HAVE_PTHREAD_MUTEX_ERRORCHECK_NP 1
| #define HAVE_PTHREAD_MUTEX_RECURSIVE_NP 1
| #define HAVE_PTHREAD_RECURSIVE_MUTEX_INITIALIZER_NP 1
| #define HAVE_PTHREAD_MUTEX_T__DATA__KIND 1
| #define HAVE_PTHREAD_CREATE_GLIBC_2_0 1
| #define HAVE_EVENTFD 1
| #define HAVE_EVENTFD_READ 1
| #define HAVE_TLS 1
| #define STDC_HEADERS 1
| #define HAVE_ASM_UNISTD_H 1
| #define HAVE_ENDIAN_H 1
| #define HAVE_MQUEUE_H 1
| #define HAVE_SYS_EPOLL_H 1
| #define HAVE_SYS_EVENTFD_H 1
| #define HAVE_SYS_KLOG_H 1
| #define HAVE_SYS_POLL_H 1
| #define HAVE_SYS_SIGNAL_H 1
| #define HAVE_SYS_SIGNALFD_H 1
| #define HAVE_SYS_SYSCALL_H 1
| #define HAVE_SYS_TIME_H 1
| #define HAVE_SYS_TYPES_H 1
| #define HAVE_USABLE_LINUX_FUTEX_H 1
| #define TIME_WITH_SYS_TIME 1
| #define HAVE_STDLIB_H 1
| #define HAVE_UNISTD_H 1
| #define HAVE_SYS_PARAM_H 1
| #define HAVE_GETPAGESIZE 1
| #define HAVE_MMAP 1
| #define HAVE_LIBPTHREAD 1
| #define HAVE_LIBRT 1
| #define HAVE_CLOCK_GETTIME 1
| #define HAVE_EPOLL_CREATE 1
| #define HAVE_EPOLL_PWAIT 1
| #define HAVE_KLOGCTL 1
| #define HAVE_MALLINFO 1
| #define HAVE_MEMCHR 1
| #define HAVE_MEMSET 1
| #define HAVE_MKDIR 1
| #define HAVE_MREMAP 1
| #define HAVE_PPOLL 1
| #define HAVE_PTHREAD_BARRIER_INIT 1
| #define HAVE_PTHREAD_CONDATTR_SETCLOCK 1
| #define HAVE_PTHREAD_MUTEX_TIMEDLOCK 1
| #define HAVE_PTHREAD_RWLOCK_TIMEDRDLOCK 1
| #define HAVE_PTHREAD_RWLOCK_TIMEDWRLOCK 1
| #define HAVE_PTHREAD_SPIN_LOCK 1
| #define HAVE_PTHREAD_YIELD 1
| #define HAVE_READLINKAT 1
| #define HAVE_SEMTIMEDOP 1
| #define HAVE_SIGNALFD 1
| #define HAVE_SIGWAITINFO 1
| #define HAVE_STRCHR 1
| #define HAVE_STRDUP 1
| #define HAVE_STRPBRK 1
| #define HAVE_STRRCHR 1
| #define HAVE_STRSTR 1
| #define HAVE_SYSCALL 1
| #define HAVE_UTIMENSAT 1
| /* end confdefs.h.  */
| 
| #include <omp.h>
| int main(int argc, char** argv)
| {
|   omp_set_dynamic(0);
|   return 0;
| }
| 
configure:8963: result: no
configure:8983: checking if gcc supports __sync_add_and_fetch for the primary target
configure:9004: gcc -o conftest -m32   conftest.c  >&5
/tmp/ccU3EVVa.o: In function `main':
conftest.c:(.text+0x41): undefined reference to `__sync_bool_compare_and_swap'
conftest.c:(.text+0x58): undefined reference to `__sync_add_and_fetch'
collect2: ld returned 1 exit status
configure:9004: $? = 1
configure: failed program was:
| /* confdefs.h */
| #define PACKAGE_NAME "Valgrind"
| #define PACKAGE_TARNAME "valgrind"
| #define PACKAGE_VERSION "3.8.0.SVN"
| #define PACKAGE_STRING "Valgrind 3.8.0.SVN"
| #define PACKAGE_BUGREPORT "valgrind-users@lists.sourceforge.net"
| #define PACKAGE_URL ""
| #define PACKAGE "valgrind"
| #define VERSION "3.8.0.SVN"
| #define GDB_PATH "/usr/bin/gdb"
| #define KERNEL_2_6 1
| #define VG_TMPDIR "/tmp"
| #define STDC_HEADERS 1
| #define HAVE_SYS_TYPES_H 1
| #define HAVE_SYS_STAT_H 1
| #define HAVE_STDLIB_H 1
| #define HAVE_STRING_H 1
| #define HAVE_MEMORY_H 1
| #define HAVE_STRINGS_H 1
| #define HAVE_INTTYPES_H 1
| #define HAVE_STDINT_H 1
| #define HAVE_UNISTD_H 1
| #define GLIBC_2_11 1
| #define HAVE_CLOCK_MONOTONIC 1
| #define HAVE_PTHREAD_RWLOCK_T 1
| #define HAVE_PTHREAD_MUTEX_ADAPTIVE_NP 1
| #define HAVE_PTHREAD_MUTEX_ERRORCHECK_NP 1
| #define HAVE_PTHREAD_MUTEX_RECURSIVE_NP 1
| #define HAVE_PTHREAD_RECURSIVE_MUTEX_INITIALIZER_NP 1
| #define HAVE_PTHREAD_MUTEX_T__DATA__KIND 1
| #define HAVE_PTHREAD_CREATE_GLIBC_2_0 1
| #define HAVE_EVENTFD 1
| #define HAVE_EVENTFD_READ 1
| #define HAVE_TLS 1
| #define STDC_HEADERS 1
| #define HAVE_ASM_UNISTD_H 1
| #define HAVE_ENDIAN_H 1
| #define HAVE_MQUEUE_H 1
| #define HAVE_SYS_EPOLL_H 1
| #define HAVE_SYS_EVENTFD_H 1
| #define HAVE_SYS_KLOG_H 1
| #define HAVE_SYS_POLL_H 1
| #define HAVE_SYS_SIGNAL_H 1
| #define HAVE_SYS_SIGNALFD_H 1
| #define HAVE_SYS_SYSCALL_H 1
| #define HAVE_SYS_TIME_H 1
| #define HAVE_SYS_TYPES_H 1
| #define HAVE_USABLE_LINUX_FUTEX_H 1
| #define TIME_WITH_SYS_TIME 1
| #define HAVE_STDLIB_H 1
| #define HAVE_UNISTD_H 1
| #define HAVE_SYS_PARAM_H 1
| #define HAVE_GETPAGESIZE 1
| #define HAVE_MMAP 1
| #define HAVE_LIBPTHREAD 1
| #define HAVE_LIBRT 1
| #define HAVE_CLOCK_GETTIME 1
| #define HAVE_EPOLL_CREATE 1
| #define HAVE_EPOLL_PWAIT 1
| #define HAVE_KLOGCTL 1
| #define HAVE_MALLINFO 1
| #define HAVE_MEMCHR 1
| #define HAVE_MEMSET 1
| #define HAVE_MKDIR 1
| #define HAVE_MREMAP 1
| #define HAVE_PPOLL 1
| #define HAVE_PTHREAD_BARRIER_INIT 1
| #define HAVE_PTHREAD_CONDATTR_SETCLOCK 1
| #define HAVE_PTHREAD_MUTEX_TIMEDLOCK 1
| #define HAVE_PTHREAD_RWLOCK_TIMEDRDLOCK 1
| #define HAVE_PTHREAD_RWLOCK_TIMEDWRLOCK 1
| #define HAVE_PTHREAD_SPIN_LOCK 1
| #define HAVE_PTHREAD_YIELD 1
| #define HAVE_READLINKAT 1
| #define HAVE_SEMTIMEDOP 1
| #define HAVE_SIGNALFD 1
| #define HAVE_SIGWAITINFO 1
| #define HAVE_STRCHR 1
| #define HAVE_STRDUP 1
| #define HAVE_STRPBRK 1
| #define HAVE_STRRCHR 1
| #define HAVE_STRSTR 1
| #define HAVE_SYSCALL 1
| #define HAVE_UTIMENSAT 1
| /* end confdefs.h.  */
| 
| int
| main ()
| {
| 
|   int variable = 1;
|   return (__sync_bool_compare_and_swap(&variable, 1, 2)
|           && __sync_add_and_fetch(&variable, 1) ? 1 : 0)
| 
|   ;
|   return 0;
| }
configure:9016: result: no
configure:9092: checking if gcc supports __sync_add_and_fetch on uint64_t for all targets
configure:9111: gcc -o conftest -Wno-long-long    conftest.c  >&5
/tmp/ccRhHSWd.o: In function `main':
conftest.c:(.text+0x39): undefined reference to `__sync_add_and_fetch'
collect2: ld returned 1 exit status
configure:9111: $? = 1
configure: failed program was:
| /* confdefs.h */
| #define PACKAGE_NAME "Valgrind"
| #define PACKAGE_TARNAME "valgrind"
| #define PACKAGE_VERSION "3.8.0.SVN"
| #define PACKAGE_STRING "Valgrind 3.8.0.SVN"
| #define PACKAGE_BUGREPORT "valgrind-users@lists.sourceforge.net"
| #define PACKAGE_URL ""
| #define PACKAGE "valgrind"
| #define VERSION "3.8.0.SVN"
| #define GDB_PATH "/usr/bin/gdb"
| #define KERNEL_2_6 1
| #define VG_TMPDIR "/tmp"
| #define STDC_HEADERS 1
| #define HAVE_SYS_TYPES_H 1
| #define HAVE_SYS_STAT_H 1
| #define HAVE_STDLIB_H 1
| #define HAVE_STRING_H 1
| #define HAVE_MEMORY_H 1
| #define HAVE_STRINGS_H 1
| #define HAVE_INTTYPES_H 1
| #define HAVE_STDINT_H 1
| #define HAVE_UNISTD_H 1
| #define GLIBC_2_11 1
| #define HAVE_CLOCK_MONOTONIC 1
| #define HAVE_PTHREAD_RWLOCK_T 1
| #define HAVE_PTHREAD_MUTEX_ADAPTIVE_NP 1
| #define HAVE_PTHREAD_MUTEX_ERRORCHECK_NP 1
| #define HAVE_PTHREAD_MUTEX_RECURSIVE_NP 1
| #define HAVE_PTHREAD_RECURSIVE_MUTEX_INITIALIZER_NP 1
| #define HAVE_PTHREAD_MUTEX_T__DATA__KIND 1
| #define HAVE_PTHREAD_CREATE_GLIBC_2_0 1
| #define HAVE_EVENTFD 1
| #define HAVE_EVENTFD_READ 1
| #define HAVE_TLS 1
| #define STDC_HEADERS 1
| #define HAVE_ASM_UNISTD_H 1
| #define HAVE_ENDIAN_H 1
| #define HAVE_MQUEUE_H 1
| #define HAVE_SYS_EPOLL_H 1
| #define HAVE_SYS_EVENTFD_H 1
| #define HAVE_SYS_KLOG_H 1
| #define HAVE_SYS_POLL_H 1
| #define HAVE_SYS_SIGNAL_H 1
| #define HAVE_SYS_SIGNALFD_H 1
| #define HAVE_SYS_SYSCALL_H 1
| #define HAVE_SYS_TIME_H 1
| #define HAVE_SYS_TYPES_H 1
| #define HAVE_USABLE_LINUX_FUTEX_H 1
| #define TIME_WITH_SYS_TIME 1
| #define HAVE_STDLIB_H 1
| #define HAVE_UNISTD_H 1
| #define HAVE_SYS_PARAM_H 1
| #define HAVE_GETPAGESIZE 1
| #define HAVE_MMAP 1
| #define HAVE_LIBPTHREAD 1
| #define HAVE_LIBRT 1
| #define HAVE_CLOCK_GETTIME 1
| #define HAVE_EPOLL_CREATE 1
| #define HAVE_EPOLL_PWAIT 1
| #define HAVE_KLOGCTL 1
| #define HAVE_MALLINFO 1
| #define HAVE_MEMCHR 1
| #define HAVE_MEMSET 1
| #define HAVE_MKDIR 1
| #define HAVE_MREMAP 1
| #define HAVE_PPOLL 1
| #define HAVE_PTHREAD_BARRIER_INIT 1
| #define HAVE_PTHREAD_CONDATTR_SETCLOCK 1
| #define HAVE_PTHREAD_MUTEX_TIMEDLOCK 1
| #define HAVE_PTHREAD_RWLOCK_TIMEDRDLOCK 1
| #define HAVE_PTHREAD_RWLOCK_TIMEDWRLOCK 1
| #define HAVE_PTHREAD_SPIN_LOCK 1
| #define HAVE_PTHREAD_YIELD 1
| #define HAVE_READLINKAT 1
| #define HAVE_SEMTIMEDOP 1
| #define HAVE_SIGNALFD 1
| #define HAVE_SIGWAITINFO 1
| #define HAVE_STRCHR 1
| #define HAVE_STRDUP 1
| #define HAVE_STRPBRK 1
| #define HAVE_STRRCHR 1
| #define HAVE_STRSTR 1
| #define HAVE_SYSCALL 1
| #define HAVE_UTIMENSAT 1
| /* end confdefs.h.  */
| 
|   #include <stdint.h>
| 
| int
| main ()
| {
| 
|   uint64_t variable = 1;
|   return __sync_add_and_fetch(&variable, 1)
| 
|   ;
|   return 0;
| }
configure:9167: result: no
configure:9183: checking if g++ supports __sync_add_and_fetch
configure:9210: g++ -o conftest -m32   conftest.cpp  >&5
configure:9210: $? = 0
configure:9213: result: yes
configure:9276: checking if libstdc++ supports annotating shared pointers
configure:9303: g++ -o conftest -std=c++0x   conftest.cpp  >&5
configure:9303: $? = 0
configure:9335: g++ -o conftest -std=c++0x   conftest.cpp  >&5
configure:9335: $? = 0
configure:9338: result: no
configure:9682: creating ./config.status

## ---------------------- ##
## Running config.status. ##
## ---------------------- ##

This file was extended by Valgrind config.status 3.8.0.SVN, which was
generated by GNU Autoconf 2.65.  Invocation command line was

  CONFIG_FILES    = 
  CONFIG_HEADERS  = 
  CONFIG_LINKS    = 
  CONFIG_COMMANDS = 
  $ ./config.status 

on asankhaya-desktop

config.status:1124: creating Makefile
config.status:1124: creating VEX/Makefile
config.status:1124: creating valgrind.spec
config.status:1124: creating valgrind.pc
config.status:1124: creating glibc-2.X.supp
config.status:1124: creating docs/Makefile
config.status:1124: creating tests/Makefile
config.status:1124: creating tests/vg_regtest
config.status:1124: creating perf/Makefile
config.status:1124: creating perf/vg_perf
config.status:1124: creating gdbserver_tests/Makefile
config.status:1124: creating include/Makefile
config.status:1124: creating auxprogs/Makefile
config.status:1124: creating mpi/Makefile
config.status:1124: creating coregrind/Makefile
config.status:1124: creating memcheck/Makefile
config.status:1124: creating memcheck/tests/Makefile
config.status:1124: creating memcheck/tests/amd64/Makefile
config.status:1124: creating memcheck/tests/x86/Makefile
config.status:1124: creating memcheck/tests/linux/Makefile
config.status:1124: creating memcheck/tests/darwin/Makefile
config.status:1124: creating memcheck/tests/amd64-linux/Makefile
config.status:1124: creating memcheck/tests/x86-linux/Makefile
config.status:1124: creating memcheck/tests/ppc32/Makefile
config.status:1124: creating memcheck/tests/ppc64/Makefile
config.status:1124: creating cachegrind/Makefile
config.status:1124: creating cachegrind/tests/Makefile
config.status:1124: creating cachegrind/tests/x86/Makefile
config.status:1124: creating cachegrind/cg_annotate
config.status:1124: creating cachegrind/cg_diff
config.status:1124: creating callgrind/Makefile
config.status:1124: creating callgrind/callgrind_annotate
config.status:1124: creating callgrind/callgrind_control
config.status:1124: creating callgrind/tests/Makefile
config.status:1124: creating helgrind/Makefile
config.status:1124: creating helgrind/tests/Makefile
config.status:1124: creating massif/Makefile
config.status:1124: creating massif/tests/Makefile
config.status:1124: creating massif/ms_print
config.status:1124: creating lackey/Makefile
config.status:1124: creating lackey/tests/Makefile
config.status:1124: creating none/Makefile
config.status:1124: creating none/tests/Makefile
config.status:1124: creating none/tests/amd64/Makefile
config.status:1124: creating none/tests/ppc32/Makefile
config.status:1124: creating none/tests/ppc64/Makefile
config.status:1124: creating none/tests/x86/Makefile
config.status:1124: creating none/tests/arm/Makefile
config.status:1124: creating none/tests/s390x/Makefile
config.status:1124: creating none/tests/linux/Makefile
config.status:1124: creating none/tests/darwin/Makefile
config.status:1124: creating none/tests/x86-linux/Makefile
config.status:1124: creating exp-sgcheck/Makefile
config.status:1124: creating exp-sgcheck/tests/Makefile
config.status:1124: creating drd/Makefile
config.status:1124: creating drd/scripts/download-and-build-splash2
config.status:1124: creating drd/tests/Makefile
config.status:1124: creating exp-bbv/Makefile
config.status:1124: creating exp-bbv/tests/Makefile
config.status:1124: creating exp-bbv/tests/x86/Makefile
config.status:1124: creating exp-bbv/tests/x86-linux/Makefile
config.status:1124: creating exp-bbv/tests/amd64-linux/Makefile
config.status:1124: creating exp-bbv/tests/ppc32-linux/Makefile
config.status:1124: creating exp-bbv/tests/arm-linux/Makefile
config.status:1124: creating exp-dhat/Makefile
config.status:1124: creating exp-dhat/tests/Makefile
config.status:1124: creating fuzzgrind/Makefile
config.status:1124: creating fuzzgrind/tests/Makefile
config.status:1124: creating fuzzgrind/docs/Makefile
config.status:1124: creating coregrind/link_tool_exe_linux
config.status:1124: creating coregrind/link_tool_exe_darwin
config.status:1124: creating config.h
config.status:1344: executing depfiles commands

## ---------------- ##
## Cache variables. ##
## ---------------- ##

ac_cv_build=i686-pc-linux-gnu
ac_cv_c_compiler_gnu=yes
ac_cv_cxx_compiler_gnu=yes
ac_cv_env_AR_set=
ac_cv_env_AR_value=
ac_cv_env_CCASFLAGS_set=
ac_cv_env_CCASFLAGS_value=
ac_cv_env_CCAS_set=
ac_cv_env_CCAS_value=
ac_cv_env_CCC_set=
ac_cv_env_CCC_value=
ac_cv_env_CC_set=
ac_cv_env_CC_value=
ac_cv_env_CFLAGS_set=
ac_cv_env_CFLAGS_value=
ac_cv_env_CPPFLAGS_set=
ac_cv_env_CPPFLAGS_value=
ac_cv_env_CPP_set=
ac_cv_env_CPP_value=
ac_cv_env_CXXFLAGS_set=
ac_cv_env_CXXFLAGS_value=
ac_cv_env_CXX_set=
ac_cv_env_CXX_value=
ac_cv_env_LDFLAGS_set=
ac_cv_env_LDFLAGS_value=
ac_cv_env_LIBS_set=
ac_cv_env_LIBS_value=
ac_cv_env_build_alias_set=
ac_cv_env_build_alias_value=
ac_cv_env_host_alias_set=
ac_cv_env_host_alias_value=
ac_cv_env_target_alias_set=
ac_cv_env_target_alias_value=
ac_cv_func_clock_gettime=yes
ac_cv_func_epoll_create=yes
ac_cv_func_epoll_pwait=yes
ac_cv_func_getpagesize=yes
ac_cv_func_klogctl=yes
ac_cv_func_mallinfo=yes
ac_cv_func_memchr=yes
ac_cv_func_memcmp_working=yes
ac_cv_func_memset=yes
ac_cv_func_mkdir=yes
ac_cv_func_mmap_fixed_mapped=yes
ac_cv_func_mremap=yes
ac_cv_func_ppoll=yes
ac_cv_func_pthread_barrier_init=yes
ac_cv_func_pthread_condattr_setclock=yes
ac_cv_func_pthread_mutex_timedlock=yes
ac_cv_func_pthread_rwlock_timedrdlock=yes
ac_cv_func_pthread_rwlock_timedwrlock=yes
ac_cv_func_pthread_spin_lock=yes
ac_cv_func_pthread_yield=yes
ac_cv_func_readlinkat=yes
ac_cv_func_semtimedop=yes
ac_cv_func_signalfd=yes
ac_cv_func_sigwaitinfo=yes
ac_cv_func_strchr=yes
ac_cv_func_strdup=yes
ac_cv_func_strpbrk=yes
ac_cv_func_strrchr=yes
ac_cv_func_strstr=yes
ac_cv_func_syscall=yes
ac_cv_func_utimensat=yes
ac_cv_header_asm_unistd_h=yes
ac_cv_header_endian_h=yes
ac_cv_header_features_h=yes
ac_cv_header_inttypes_h=yes
ac_cv_header_memory_h=yes
ac_cv_header_mqueue_h=yes
ac_cv_header_stdc=yes
ac_cv_header_stdint_h=yes
ac_cv_header_stdlib_h=yes
ac_cv_header_string_h=yes
ac_cv_header_strings_h=yes
ac_cv_header_sys_endian_h=no
ac_cv_header_sys_epoll_h=yes
ac_cv_header_sys_eventfd_h=yes
ac_cv_header_sys_klog_h=yes
ac_cv_header_sys_param_h=yes
ac_cv_header_sys_poll_h=yes
ac_cv_header_sys_signal_h=yes
ac_cv_header_sys_signalfd_h=yes
ac_cv_header_sys_stat_h=yes
ac_cv_header_sys_syscall_h=yes
ac_cv_header_sys_time_h=yes
ac_cv_header_sys_types_h=yes
ac_cv_header_time=yes
ac_cv_header_unistd_h=yes
ac_cv_host=i686-pc-linux-gnu
ac_cv_lib_pthread_pthread_create=yes
ac_cv_lib_rt_clock_gettime=yes
ac_cv_member_pthread_mutex_t___data___kind=yes
ac_cv_member_pthread_mutex_t___m_kind=no
ac_cv_objext=o
ac_cv_path_AR=/usr/bin/ar
ac_cv_path_EGREP='/bin/grep -E'
ac_cv_path_GDB=/usr/bin/gdb
ac_cv_path_GREP=/bin/grep
ac_cv_path_PERL=/usr/bin/perl
ac_cv_path_SED=/bin/sed
ac_cv_path_install='/usr/bin/install -c'
ac_cv_path_mkdir=/bin/mkdir
ac_cv_prog_AWK=gawk
ac_cv_prog_CPP='gcc -E'
ac_cv_prog_ac_ct_CC=gcc
ac_cv_prog_ac_ct_CXX=g++
ac_cv_prog_ac_ct_RANLIB=ranlib
ac_cv_prog_cc_c89=
ac_cv_prog_cc_g=yes
ac_cv_prog_cc_gcc_c_o=yes
ac_cv_prog_cxx_g=yes
ac_cv_prog_make_make_set=yes
ac_cv_type_off_t=yes
ac_cv_type_size_t=yes
ac_cv_type_uid_t=yes
am_cv_CCAS_dependencies_compiler_type=gcc3
am_cv_CC_dependencies_compiler_type=gcc3
am_cv_CXX_dependencies_compiler_type=gcc3
vg_cv_inner=no
vg_cv_linktime_tls=yes
vg_cv_only32bit=yes
vg_cv_only64bit=no
vg_cv_tls=yes

## ----------------- ##
## Output variables. ##
## ----------------- ##

ACLOCAL='${SHELL} /home/asankhaya/pathgrind/valgrind-r12356/missing --run aclocal-1.11'
AMDEPBACKSLASH='\'
AMDEP_FALSE='#'
AMDEP_TRUE=''
AMTAR='${SHELL} /home/asankhaya/pathgrind/valgrind-r12356/missing --run tar'
AR='/usr/bin/ar'
AUTOCONF='${SHELL} /home/asankhaya/pathgrind/valgrind-r12356/missing --run autoconf'
AUTOHEADER='${SHELL} /home/asankhaya/pathgrind/valgrind-r12356/missing --run autoheader'
AUTOMAKE='${SHELL} /home/asankhaya/pathgrind/valgrind-r12356/missing --run automake-1.11'
AWK='gawk'
BOOST_CFLAGS=''
BOOST_LIBS=''
BUILD_LZCNT_TESTS_FALSE=''
BUILD_LZCNT_TESTS_TRUE='#'
BUILD_MPIWRAP_PRI_FALSE=''
BUILD_MPIWRAP_PRI_TRUE='#'
BUILD_MPIWRAP_SEC_FALSE=''
BUILD_MPIWRAP_SEC_TRUE='#'
BUILD_PCLMULQDQ_TESTS_FALSE='#'
BUILD_PCLMULQDQ_TESTS_TRUE=''
BUILD_SSE3_TESTS_FALSE='#'
BUILD_SSE3_TESTS_TRUE=''
BUILD_SSE42_TESTS_FALSE=''
BUILD_SSE42_TESTS_TRUE='#'
BUILD_SSSE3_TESTS_FALSE='#'
BUILD_SSSE3_TESTS_TRUE=''
CC='gcc'
CCAS='gcc'
CCASDEPMODE='depmode=gcc3'
CCASFLAGS='-Wno-long-long '
CCDEPMODE='depmode=gcc3'
CFLAGS='-Wno-long-long '
CPP='gcc -E'
CPPFLAGS=''
CXX='g++'
CXXDEPMODE='depmode=gcc3'
CXXFLAGS='-Wno-long-long '
CYGPATH_W='echo'
DEFAULT_SUPP='exp-sgcheck.supp xfree-3.supp xfree-4.supp glibc-2.X-drd.supp glibc-2.34567-NPTL-helgrind.supp glibc-2.X.supp '
DEFS='-DHAVE_CONFIG_H'
DEPDIR='.deps'
DIFF='diff -u'
ECHO_C=''
ECHO_N='-n'
ECHO_T=''
EGREP='/bin/grep -E'
ENABLE_LINUX_TICKET_LOCK_PRIMARY_FALSE=''
ENABLE_LINUX_TICKET_LOCK_PRIMARY_TRUE='#'
ENABLE_LINUX_TICKET_LOCK_SECONDARY_FALSE=''
ENABLE_LINUX_TICKET_LOCK_SECONDARY_TRUE='#'
EXEEXT=''
FLAG_FNO_STACK_PROTECTOR=''
FLAG_M32='-m32'
FLAG_M64=''
FLAG_MMMX='-mmmx'
FLAG_MSSE='-msse'
FLAG_NO_BUILD_ID='-Wl,--build-id=none'
FLAG_UNLIMITED_INLINE_UNIT_GROWTH='--param inline-unit-growth=900'
FLAG_W_EXTRA='-Wextra'
FLAG_W_NO_EMPTY_BODY=''
FLAG_W_NO_FORMAT_ZERO_LENGTH='-Wno-format-zero-length'
FLAG_W_NO_NONNULL='-Wno-nonnull'
FLAG_W_NO_OVERFLOW=''
FLAG_W_NO_UNINITIALIZED='-Wno-uninitialized'
GDB='/usr/bin/gdb'
GLIBC_VERSION='2.11'
GREP='/bin/grep'
HAS_ALTIVEC_FALSE=''
HAS_ALTIVEC_TRUE='#'
HAS_VSX_FALSE=''
HAS_VSX_TRUE='#'
HAVE_BOOST_1_35_FALSE=''
HAVE_BOOST_1_35_TRUE='#'
HAVE_BUILTIN_ATOMIC64_FALSE=''
HAVE_BUILTIN_ATOMIC64_TRUE='#'
HAVE_BUILTIN_ATOMIC_CXX_FALSE='#'
HAVE_BUILTIN_ATOMIC_CXX_TRUE=''
HAVE_BUILTIN_ATOMIC_FALSE=''
HAVE_BUILTIN_ATOMIC_SECONDARY_FALSE=''
HAVE_BUILTIN_ATOMIC_SECONDARY_TRUE='#'
HAVE_BUILTIN_ATOMIC_TRUE='#'
HAVE_OPENMP_FALSE=''
HAVE_OPENMP_TRUE='#'
HAVE_PTHREAD_BARRIER_FALSE='#'
HAVE_PTHREAD_BARRIER_TRUE=''
HAVE_PTHREAD_CREATE_GLIBC_2_0_FALSE='#'
HAVE_PTHREAD_CREATE_GLIBC_2_0_TRUE=''
HAVE_PTHREAD_MUTEX_TIMEDLOCK_FALSE='#'
HAVE_PTHREAD_MUTEX_TIMEDLOCK_TRUE=''
HAVE_PTHREAD_SPINLOCK_FALSE='#'
HAVE_PTHREAD_SPINLOCK_TRUE=''
HAVE_SHARED_POINTER_ANNOTATION_FALSE=''
HAVE_SHARED_POINTER_ANNOTATION_TRUE='#'
INSTALL_DATA='${INSTALL} -m 644'
INSTALL_PROGRAM='${INSTALL}'
INSTALL_SCRIPT='${INSTALL}'
INSTALL_STRIP_PROGRAM='$(install_sh) -c -s'
LDFLAGS=''
LIBOBJS=''
LIBS=''
LN_S='ln -s'
LTLIBOBJS=''
MAINT='#'
MAINTAINER_MODE_FALSE=''
MAINTAINER_MODE_TRUE='#'
MAKEINFO='${SHELL} /home/asankhaya/pathgrind/valgrind-r12356/missing --run makeinfo'
MKDIR_P='/bin/mkdir -p'
MPI_CC='mpicc'
OBJEXT='o'
PACKAGE='valgrind'
PACKAGE_BUGREPORT='valgrind-users@lists.sourceforge.net'
PACKAGE_NAME='Valgrind'
PACKAGE_STRING='Valgrind 3.8.0.SVN'
PACKAGE_TARNAME='valgrind'
PACKAGE_URL=''
PACKAGE_VERSION='3.8.0.SVN'
PATH_SEPARATOR=':'
PERL='/usr/bin/perl'
PREFERRED_STACK_BOUNDARY='-mpreferred-stack-boundary=2'
RANLIB='ranlib'
SED='/bin/sed'
SET_MAKE=''
SHELL='/bin/bash'
STRIP=''
VALT_LOAD_ADDRESS_PRI='0x38000000'
VALT_LOAD_ADDRESS_SEC='0xUNSET'
VERSION='3.8.0.SVN'
VGCONF_ARCHS_INCLUDE_AMD64_FALSE=''
VGCONF_ARCHS_INCLUDE_AMD64_TRUE='#'
VGCONF_ARCHS_INCLUDE_ARM_FALSE=''
VGCONF_ARCHS_INCLUDE_ARM_TRUE='#'
VGCONF_ARCHS_INCLUDE_PPC32_FALSE=''
VGCONF_ARCHS_INCLUDE_PPC32_TRUE='#'
VGCONF_ARCHS_INCLUDE_PPC64_FALSE=''
VGCONF_ARCHS_INCLUDE_PPC64_TRUE='#'
VGCONF_ARCHS_INCLUDE_S390X_FALSE=''
VGCONF_ARCHS_INCLUDE_S390X_TRUE='#'
VGCONF_ARCHS_INCLUDE_X86_FALSE='#'
VGCONF_ARCHS_INCLUDE_X86_TRUE=''
VGCONF_ARCH_PRI='x86'
VGCONF_ARCH_SEC=''
VGCONF_HAVE_PLATFORM_SEC_FALSE=''
VGCONF_HAVE_PLATFORM_SEC_TRUE='#'
VGCONF_OS='linux'
VGCONF_OS_IS_DARWIN_FALSE=''
VGCONF_OS_IS_DARWIN_TRUE='#'
VGCONF_OS_IS_LINUX_FALSE='#'
VGCONF_OS_IS_LINUX_TRUE=''
VGCONF_PLATFORMS_INCLUDE_AMD64_DARWIN_FALSE=''
VGCONF_PLATFORMS_INCLUDE_AMD64_DARWIN_TRUE='#'
VGCONF_PLATFORMS_INCLUDE_AMD64_LINUX_FALSE=''
VGCONF_PLATFORMS_INCLUDE_AMD64_LINUX_TRUE='#'
VGCONF_PLATFORMS_INCLUDE_ARM_LINUX_FALSE=''
VGCONF_PLATFORMS_INCLUDE_ARM_LINUX_TRUE='#'
VGCONF_PLATFORMS_INCLUDE_PPC32_LINUX_FALSE=''
VGCONF_PLATFORMS_INCLUDE_PPC32_LINUX_TRUE='#'
VGCONF_PLATFORMS_INCLUDE_PPC64_LINUX_FALSE=''
VGCONF_PLATFORMS_INCLUDE_PPC64_LINUX_TRUE='#'
VGCONF_PLATFORMS_INCLUDE_S390X_LINUX_FALSE=''
VGCONF_PLATFORMS_INCLUDE_S390X_LINUX_TRUE='#'
VGCONF_PLATFORMS_INCLUDE_X86_DARWIN_FALSE=''
VGCONF_PLATFORMS_INCLUDE_X86_DARWIN_TRUE='#'
VGCONF_PLATFORMS_INCLUDE_X86_LINUX_FALSE='#'
VGCONF_PLATFORMS_INCLUDE_X86_LINUX_TRUE=''
VGCONF_PLATFORM_PRI_CAPS='X86_LINUX'
VGCONF_PLATFORM_SEC_CAPS=''
VGCONF_PLATVARIANT='vanilla'
VGCONF_PLATVARIANT_IS_ANDROID_FALSE=''
VGCONF_PLATVARIANT_IS_ANDROID_TRUE='#'
VGCONF_PLATVARIANT_IS_VANILLA_FALSE='#'
VGCONF_PLATVARIANT_IS_VANILLA_TRUE=''
ac_ct_CC='gcc'
ac_ct_CXX='g++'
am__EXEEXT_FALSE=''
am__EXEEXT_TRUE='#'
am__fastdepCCAS_FALSE='#'
am__fastdepCCAS_TRUE=''
am__fastdepCC_FALSE='#'
am__fastdepCC_TRUE=''
am__fastdepCXX_FALSE='#'
am__fastdepCXX_TRUE=''
am__include='include'
am__isrc=''
am__leading_dot='.'
am__quote=''
am__tar='${AMTAR} chof - "$$tardir"'
am__untar='${AMTAR} xf -'
bindir='${exec_prefix}/bin'
build='i686-pc-linux-gnu'
build_alias=''
build_cpu='i686'
build_os='linux-gnu'
build_vendor='pc'
datadir='${datarootdir}'
datarootdir='${prefix}/share'
docdir='${datarootdir}/doc/${PACKAGE_TARNAME}'
dvidir='${docdir}'
exec_prefix='${prefix}'
host='i686-pc-linux-gnu'
host_alias=''
host_cpu='i686'
host_os='linux-gnu'
host_vendor='pc'
htmldir='${docdir}'
includedir='${prefix}/include'
infodir='${datarootdir}/info'
install_sh='${SHELL} /home/asankhaya/pathgrind/valgrind-r12356/install-sh'
libdir='${exec_prefix}/lib'
libexecdir='${exec_prefix}/libexec'
localedir='${datarootdir}/locale'
localstatedir='${prefix}/var'
mandir='${datarootdir}/man'
mkdir_p='/bin/mkdir -p'
oldincludedir='/usr/include'
pdfdir='${docdir}'
prefix='/home/asankhaya/pathgrind/valgrind-r12356/build'
program_transform_name='s,x,x,'
psdir='${docdir}'
sbindir='${exec_prefix}/sbin'
sharedstatedir='${prefix}/com'
sysconfdir='${prefix}/etc'
target_alias=''

## ----------- ##
## confdefs.h. ##
## ----------- ##

/* confdefs.h */
#define PACKAGE_NAME "Valgrind"
#define PACKAGE_TARNAME "valgrind"
#define PACKAGE_VERSION "3.8.0.SVN"
#define PACKAGE_STRING "Valgrind 3.8.0.SVN"
#define PACKAGE_BUGREPORT "valgrind-users@lists.sourceforge.net"
#define PACKAGE_URL ""
#define PACKAGE "valgrind"
#define VERSION "3.8.0.SVN"
#define GDB_PATH "/usr/bin/gdb"
#define KERNEL_2_6 1
#define VG_TMPDIR "/tmp"
#define STDC_HEADERS 1
#define HAVE_SYS_TYPES_H 1
#define HAVE_SYS_STAT_H 1
#define HAVE_STDLIB_H 1
#define HAVE_STRING_H 1
#define HAVE_MEMORY_H 1
#define HAVE_STRINGS_H 1
#define HAVE_INTTYPES_H 1
#define HAVE_STDINT_H 1
#define HAVE_UNISTD_H 1
#define GLIBC_2_11 1
#define HAVE_CLOCK_MONOTONIC 1
#define HAVE_PTHREAD_RWLOCK_T 1
#define HAVE_PTHREAD_MUTEX_ADAPTIVE_NP 1
#define HAVE_PTHREAD_MUTEX_ERRORCHECK_NP 1
#define HAVE_PTHREAD_MUTEX_RECURSIVE_NP 1
#define HAVE_PTHREAD_RECURSIVE_MUTEX_INITIALIZER_NP 1
#define HAVE_PTHREAD_MUTEX_T__DATA__KIND 1
#define HAVE_PTHREAD_CREATE_GLIBC_2_0 1
#define HAVE_EVENTFD 1
#define HAVE_EVENTFD_READ 1
#define HAVE_TLS 1
#define STDC_HEADERS 1
#define HAVE_ASM_UNISTD_H 1
#define HAVE_ENDIAN_H 1
#define HAVE_MQUEUE_H 1
#define HAVE_SYS_EPOLL_H 1
#define HAVE_SYS_EVENTFD_H 1
#define HAVE_SYS_KLOG_H 1
#define HAVE_SYS_POLL_H 1
#define HAVE_SYS_SIGNAL_H 1
#define HAVE_SYS_SIGNALFD_H 1
#define HAVE_SYS_SYSCALL_H 1
#define HAVE_SYS_TIME_H 1
#define HAVE_SYS_TYPES_H 1
#define HAVE_USABLE_LINUX_FUTEX_H 1
#define TIME_WITH_SYS_TIME 1
#define HAVE_STDLIB_H 1
#define HAVE_UNISTD_H 1
#define HAVE_SYS_PARAM_H 1
#define HAVE_GETPAGESIZE 1
#define HAVE_MMAP 1
#define HAVE_LIBPTHREAD 1
#define HAVE_LIBRT 1
#define HAVE_CLOCK_GETTIME 1
#define HAVE_EPOLL_CREATE 1
#define HAVE_EPOLL_PWAIT 1
#define HAVE_KLOGCTL 1
#define HAVE_MALLINFO 1
#define HAVE_MEMCHR 1
#define HAVE_MEMSET 1
#define HAVE_MKDIR 1
#define HAVE_MREMAP 1
#define HAVE_PPOLL 1
#define HAVE_PTHREAD_BARRIER_INIT 1
#define HAVE_PTHREAD_CONDATTR_SETCLOCK 1
#define HAVE_PTHREAD_MUTEX_TIMEDLOCK 1
#define HAVE_PTHREAD_RWLOCK_TIMEDRDLOCK 1
#define HAVE_PTHREAD_RWLOCK_TIMEDWRLOCK 1
#define HAVE_PTHREAD_SPIN_LOCK 1
#define HAVE_PTHREAD_YIELD 1
#define HAVE_READLINKAT 1
#define HAVE_SEMTIMEDOP 1
#define HAVE_SIGNALFD 1
#define HAVE_SIGWAITINFO 1
#define HAVE_STRCHR 1
#define HAVE_STRDUP 1
#define HAVE_STRPBRK 1
#define HAVE_STRRCHR 1
#define HAVE_STRSTR 1
#define HAVE_SYSCALL 1
#define HAVE_UTIMENSAT 1
#define HAVE_BUILTIN_ATOMIC_CXX 1

configure: exit 0
